MC simulation of 250 LJ Particles at T*=1.1000 and rho*=0.8500

Input File:         mc_example250.input
Output File:        mc_example250.output

The random number seed was specified in the input file.
Random Number Seed: -123


    ***Input Parameters***
sim         mc
N           250
temp        1.1
rho         0.85
esteps      200
psteps      400
rcut        2.5
dt          0.1
output      2
seed        -123
coord       n250t110r085.cor
vel         
rdf         0.8  3.3  100  4

    ***Calculated Parameters***
Box Length:                 6.65028658
Half Box Length:            3.32514329
Energy Tail Correction:    -0.45511814
Pressure Tail Correction:  -0.77264303

    ***INITIAL POSITIONS, XYZ Format***
250
You can copy these coordinates to a file to open in a viewer.
C	     4.360902	     0.560269	     0.192416
C	     3.642199	     5.497188	     2.832678
C	     1.029240	     2.306081	     1.398620
C	     0.437144	     0.955430	     3.991856
C	     1.241732	     0.581446	     0.883116
C	     0.524720	     0.641783	     4.920768
C	     1.028014	     0.968835	     3.181091
C	     1.922216	     5.104165	     4.261906
C	     1.758743	     1.120965	     5.501566
C	     0.899245	     3.809785	     5.405122
C	     3.626534	     0.481482	     0.991643
C	     6.381383	     6.180140	     0.872312
C	     1.768413	     3.230646	     5.865209
C	     6.170860	     2.303198	     5.688042
C	     2.328118	     0.621377	     0.347641
C	     3.779622	     6.298874	     3.519557
C	     5.795916	     4.124575	     4.191285
C	     3.657751	     6.218836	     1.816303
C	     5.019608	     0.504911	     0.915636
C	     4.159708	     1.167501	     2.893472
C	     2.579331	     1.076314	     1.153901
C	     0.792873	     4.718832	     0.495324
C	     6.203861	     5.558474	     5.780460
C	     2.958668	     0.574335	     2.020800
C	     2.013063	     2.384916	     1.789433
C	     2.850515	     2.603944	     4.311759
C	     6.612535	     1.340783	     5.719432
C	     1.182870	     3.770578	     0.470730
C	     3.360914	     2.905638	     0.448622
C	     5.249459	     5.000145	     1.586483
C	     3.020649	     5.156141	     1.741553
C	     1.900516	     1.477890	     2.961711
C	     6.114879	     2.009063	     3.962574
C	     3.303193	     1.596562	     3.522503
C	     2.612312	     4.745224	     3.664253
C	     1.044159	     1.720804	     0.568485
C	     4.615942	     4.266505	     6.057320
C	     3.739275	     4.468251	     5.680189
C	     6.534633	     4.988056	     6.563474
C	     0.347855	     2.361487	     6.599892
C	     2.055079	     4.349668	     0.401388
C	     2.694536	     0.866133	     3.089436
C	     1.970988	     6.252244	     5.565404
C	     3.322463	     5.095367	     4.569553
C	     0.706806	     4.105559	     1.450075
C	     3.294960	     3.290411	     5.189079
C	     0.806528	     4.188266	     2.526058
C	     3.885738	     6.261247	     6.483223
C	     6.401713	     4.458774	     1.710346
C	     1.581007	     4.574679	     5.172059
C	     5.078188	     1.415174	     0.460887
C	     2.697580	     5.887778	     4.743454
C	     3.601995	     4.101819	     3.440581
C	     3.726443	     5.439008	     0.887454
C	     4.250803	     3.856870	     5.005927
C	     6.068123	     1.201873	     3.421577
C	     2.061209	     2.006213	     0.779584
C	     5.812264	     1.854509	     2.393347
C	     0.018140	     3.382237	     3.143880
C	     5.240169	     6.299464	     2.288906
C	     4.269292	     2.508102	     3.624556
C	     1.441904	     5.726114	     1.324528
C	     1.959260	     2.853745	     2.785660
C	     0.197888	     3.082329	     5.528248
C	     5.227424	     5.334759	     5.898338
C	     0.749324	     1.507970	     2.218774
C	     1.535687	     3.351154	     1.521544
C	     6.643218	     2.105978	     3.041891
C	     4.874709	     6.287410	     0.080275
C	     5.708196	     2.781323	     1.500284
C	     2.164381	     6.486981	     1.133464
C	     6.228554	     0.606506	     0.944083
C	     4.643198	     1.374082	     1.992369
C	     3.046469	     6.633599	     2.921291
C	     6.580085	     1.650562	     4.723609
C	     2.459889	     5.557860	     1.140244
C	     4.083608	     4.202795	     0.275853
C	     3.286969	     0.656689	     6.644198
C	     0.750945	     5.223890	     2.514199
C	     2.175268	     2.310047	     5.400077
C	     3.125346	     5.616773	     3.665482
C	     0.828895	     4.170149	     4.458163
C	     0.101557	     4.106347	     6.046810
C	     4.243675	     2.202211	     6.574105
C	     1.608432	     6.101481	     4.054498
C	     1.898363	     1.423600	     6.596271
C	     4.993049	     4.874067	     0.553351
C	     2.670730	     3.538529	     3.171505
C	     3.346978	     1.907359	     5.271092
C	     2.244415	     3.335041	     0.123848
C	     4.794513	     0.197907	     3.956461
C	     4.800137	     2.270893	     2.709994
C	     4.592358	     3.569253	     0.992041
C	     0.988935	     6.364881	     4.831277
C	     4.659799	     1.698001	     5.089867
C	     0.522747	     2.288162	     3.969091
C	     3.803629	     3.654531	     1.768231
C	     6.472805	     3.977339	     5.001607
C	     1.619753	     2.775175	     3.887526
C	     6.288979	     6.227971	     4.976125
C	     5.648658	     4.409746	     5.554546
C	     5.474630	     3.874663	     1.538949
C	     1.182229	     2.974642	     4.959749
C	     5.313550	     0.552054	     1.842898
C	     5.628135	     0.611396	     0.033430
C	     6.373822	     3.564548	     2.007164
C	     2.195037	     5.519777	     3.281882
C	     1.301322	     0.441452	     4.213151
C	     4.413389	     6.447879	     5.545490
C	     0.450627	     1.229901	     1.212853
C	     5.472827	     6.435286	     5.877576
C	     6.610653	     1.197538	     0.154743
C	     1.978624	     0.090718	     3.007114
C	     6.228509	     5.077864	     0.938146
C	     5.098581	     2.261653	     4.235378
C	     5.904852	     6.635646	     3.818295
C	     6.328958	     6.494708	     6.567705
C	     2.345108	     5.253761	     5.615473
C	     5.052908	     2.369869	     5.822517
C	     0.992452	     6.485256	     3.311297
C	     2.216202	     3.335189	     4.764767
C	     1.437733	     4.776328	     3.302746
C	     5.934143	     3.046555	     3.701635
C	     3.595615	     0.634582	     3.652293
C	     5.403306	     5.080431	     3.832049
C	     0.382809	     5.291068	     1.454120
C	     4.111177	     1.255261	     6.133394
C	     0.027251	     3.098668	     4.309240
C	     1.779190	     6.333403	     0.046072
C	     1.494328	     4.326308	     6.166584
C	     5.533019	     5.341660	     4.874388
C	     2.092759	     4.623865	     1.367505
C	     5.139113	     3.415857	     4.792047
C	     4.593937	     3.977491	     3.943556
C	     4.873400	     3.056627	     6.619012
C	     5.773155	     1.626249	     1.266611
C	     2.715613	     3.948616	     1.638381
C	     2.311622	     1.911751	     3.745701
C	     6.567895	     0.865247	     2.320912
C	     4.478041	     0.707530	     4.710093
C	     1.863692	     4.008423	     4.002611
C	     3.689052	     2.228555	     2.462290
C	     3.310411	     3.632069	     6.355318
C	     0.101268	     0.378716	     3.253010
C	     1.356720	     2.779231	     0.434326
C	     2.078056	     0.367647	     4.867762
C	     6.618217	     3.951993	     0.619116
C	     2.648778	     1.468065	     5.851457
C	     4.900131	     4.588097	     4.652382
C	     4.196375	     1.302022	     0.881742
C	     5.811683	     2.669214	     4.743115
C	     3.747762	     3.266646	     4.054361
C	     5.752720	     1.406227	     5.222418
C	     4.724895	     3.283225	     2.114218
C	     3.548454	     0.687420	     5.547085
C	     4.866988	     4.324338	     2.279319
C	     4.497963	     0.209145	     2.935259
C	     4.113132	     4.505537	     1.282765
C	     6.081878	     5.617538	     1.938562
C	     0.598829	     0.201163	     0.090387
C	     6.151309	     5.820369	     3.007976
C	     5.532567	     3.295274	     5.797848
C	     2.899533	     2.585964	     2.996602
C	     4.700784	     5.884415	     3.437646
C	     5.801689	     1.789822	     6.573930
C	     6.187561	     3.193344	     6.546830
C	     0.987424	     2.293612	     2.938973
C	     2.528391	     0.436753	     5.919804
C	     2.423192	     2.347998	     6.516448
C	     4.566323	     5.882437	     4.691696
C	     5.750670	     4.330579	     0.122614
C	     4.151181	     5.307644	     6.393021
C	     1.821385	     4.964761	     2.404006
C	     3.590756	     1.295200	     1.739954
C	     3.670334	     6.517333	     4.737076
C	     2.513524	     1.577353	     4.754791
C	     6.278154	     5.627534	     4.041707
C	     1.292069	     1.599449	     4.157214
C	     6.110056	     0.820582	     4.474079
C	     0.882047	     0.381691	     2.317344
C	     2.926908	     2.994450	     2.104894
C	     0.843373	     1.913667	     5.267270
C	     5.437130	     0.271626	     5.033889
C	     3.094601	     0.790927	     4.488398
C	     0.564699	     5.709628	     0.480319
C	     4.924798	     2.362511	     0.741395
C	     0.628272	     6.455387	     1.358007
C	     4.151515	     3.186636	     5.831378
C	     0.938369	     5.408288	     4.400564
C	     6.276752	     6.622951	     1.842389
C	     1.600485	     5.347011	     6.561590
C	     0.388762	     3.092438	     1.100540
C	     2.977235	     4.586421	     0.736588
C	     1.329992	     6.042911	     2.507834
C	     4.164017	     2.540175	     1.510321
C	     0.146656	     4.620958	     4.046898
C	     0.993334	     0.419153	     5.715085
C	     4.918949	     0.721193	     5.926686
C	     6.397580	     0.337598	     5.675037
C	     5.191669	     6.067260	     1.317640
C	     5.727436	     2.802902	     2.681730
C	     2.554792	     4.477770	     4.847190
C	     3.805409	     4.565661	     2.294700
C	     0.085526	     5.044594	     4.954939
C	     4.289839	     6.344921	     0.959989
C	     3.365560	     2.385601	     6.092071
C	     1.074037	     5.322501	     5.629612
C	     0.411081	     6.124833	     5.779301
C	     0.933251	     3.163304	     2.293230
C	     3.878773	     3.149813	     2.825817
C	     4.282897	     2.622421	     4.691072
C	     0.877690	     3.244534	     6.270089
C	     6.308009	     4.727689	     3.067691
C	     0.526934	     5.595819	     3.516207
C	     5.213946	     5.268767	     2.596687
C	     2.923314	     6.274098	     6.268111
C	     4.241822	     5.151291	     4.079849
C	     2.747038	     4.501916	     2.639361
C	     5.687721	     5.615087	     0.213176
C	     0.247131	     6.551449	     4.144879
C	     1.988824	     0.688863	     2.190883
C	     3.583970	     5.793922	     5.561050
C	     2.130371	     0.964014	     4.086760
C	     3.119873	     6.207628	     0.641228
C	     2.766127	     6.593018	     3.878291
C	     1.616730	     1.477419	     1.523204
C	     5.765687	     0.389951	     2.814224
C	     6.336752	     2.247434	     0.763599
C	     3.462328	     4.166629	     4.529186
C	     0.312895	     6.212270	     2.546421
C	     3.136215	     2.168982	     1.358521
C	     2.050901	     3.840731	     2.447131
C	     3.379800	     1.665456	     0.360953
C	     0.025456	     2.233929	     1.882917
C	     4.934449	     3.154727	     3.412559
C	     0.833605	     1.292162	     6.253672
C	     1.336347	     2.316503	     6.178599
C	     2.700113	     4.788157	     6.446746
C	     2.449531	     3.987641	     5.698547
C	     5.056785	     1.053550	     3.164643
C	     4.387955	     0.259519	     1.924480
C	     0.937957	     3.654141	     3.610574
C	     2.715313	     1.612036	     2.151065
C	     5.265261	     1.233174	     4.288157
C	     4.276527	     1.498303	     3.991526
C	     4.382822	     5.514235	     1.897648
C	     2.500821	     2.978281	     1.114324
C	     4.556745	     4.667425	     3.253125
C	     5.415055	     4.088699	     3.194871
C	     2.481936	     6.004004	     2.021638


Iteration                P              P Ave.              PE

0                     2.558422         2.558422        -5.719711
2                     2.609003         2.512610        -5.712682
4                     2.778901         2.564633        -5.660169
6                     2.702016         2.585408        -5.678745
8                     2.745722         2.578441        -5.664622
10                    3.022694         2.656702        -5.605607
12                    3.079231         2.708985        -5.604728
14                    3.483225         2.787009        -5.510169
16                    3.308688         2.868046        -5.547906
18                    2.915311         2.898315        -5.632432
20                    2.967246         2.896985        -5.637429
22                    3.184654         2.912643        -5.581807
24                    2.851380         2.915891        -5.645404
26                    3.338539         2.934252        -5.545160
28                    3.044639         2.944018        -5.619847
30                    3.110928         2.954726        -5.617897
32                    2.933975         2.955661        -5.647225
34                    2.701976         2.950302        -5.667937
36                    2.713484         2.936817        -5.673415
38                    2.645123         2.925337        -5.685691
40                    2.507826         2.908264        -5.715689
42                    2.408440         2.882237        -5.723427
44                    2.507368         2.859409        -5.717077
46                    2.533639         2.849166        -5.719595
48                    2.911700         2.847249        -5.630126
50                    2.881711         2.842989        -5.640762
52                    3.007726         2.846327        -5.632906
54                    3.092113         2.857062        -5.602704
56                    3.189168         2.866024        -5.583130
58                    3.344847         2.880944        -5.554279
60                    3.168619         2.893914        -5.591293
62                    3.034413         2.899005        -5.630485
64                    2.880472         2.900268        -5.673766
66                    2.826239         2.897404        -5.666077
68                    2.843911         2.893958        -5.677730
70                    2.901973         2.895254        -5.666639
72                    2.906317         2.897436        -5.664591
74                    2.698385         2.892163        -5.703640
76                    2.675416         2.887420        -5.716459
78                    2.684581         2.881960        -5.691395
80                    2.676059         2.873091        -5.688756
82                    2.897487         2.873158        -5.642655
84                    2.785625         2.874682        -5.650426
86                    2.783749         2.872336        -5.648588
88                    2.928602         2.871975        -5.619083
90                    2.435821         2.868661        -5.749683
92                    2.403022         2.857511        -5.750303
94                    2.410898         2.852197        -5.740647
96                    2.689905         2.846546        -5.677161
98                    2.543037         2.842182        -5.706744
100                   2.170633         2.833422        -5.783015
102                   1.960438         2.819708        -5.811464
104                   2.278057         2.805806        -5.755527
106                   2.151614         2.795070        -5.782616
108                   2.273641         2.783102        -5.765514
110                   2.439988         2.774841        -5.725756
112                   2.242643         2.769975        -5.775273
114                   2.433034         2.761591        -5.737838
116                   2.966418         2.759167        -5.627181
118                   3.292954         2.765219        -5.572122
120                   2.843901         2.769288        -5.652894
122                   2.953550         2.773017        -5.643532
124                   2.714049         2.772407        -5.679174
126                   2.545523         2.770000        -5.709111
128                   2.498678         2.765517        -5.704978
130                   2.681786         2.765200        -5.669472
132                   2.719317         2.765045        -5.689796
134                   2.992019         2.766968        -5.627359
136                   3.051465         2.768681        -5.611008
138                   2.876293         2.771057        -5.664294
140                   2.885795         2.772383        -5.645025
142                   2.385792         2.770329        -5.736341
144                   2.131473         2.760849        -5.793829
146                   2.520451         2.756159        -5.693284
148                   2.182888         2.750906        -5.754860
150                   2.078529         2.742147        -5.771222
152                   2.414181         2.735482        -5.724770
154                   2.647442         2.733294        -5.684034
156                   2.427274         2.733154        -5.726186
158                   2.223474         2.728493        -5.763292
160                   2.396683         2.722466        -5.725427
162                   2.592902         2.720383        -5.694551
164                   2.577282         2.717702        -5.711446
166                   2.334429         2.713380        -5.770328
168                   2.449786         2.709643        -5.737607
170                   2.434321         2.705343        -5.730491
172                   2.828767         2.704506        -5.646005
174                   2.850866         2.706644        -5.625853
176                   2.612612         2.708227        -5.666755
178                   2.433054         2.705609        -5.715098
180                   2.841835         2.704297        -5.615073
182                   2.791149         2.705079        -5.611754
184                   2.315679         2.703382        -5.734374
186                   2.490407         2.701554        -5.713845
188                   2.388299         2.699009        -5.722882
190                   2.669612         2.697097        -5.663757
192                   2.678461         2.696408        -5.679764
194                   2.569978         2.695831        -5.696389
196                   2.660554         2.694223        -5.681976
198                   2.719908         2.695243        -5.682867
200                   2.804119         2.694852        -5.655645
2                     2.527331         2.582481        -5.708247
4                     2.678875         2.581527        -5.680061
6                     2.874522         2.686162        -5.642775
8                     2.674312         2.731742        -5.675328
10                    2.498858         2.685842        -5.709715
12                    2.577855         2.665385        -5.677755
14                    2.379570         2.626165        -5.745981
16                    2.661697         2.605272        -5.661477
18                    2.627787         2.612977        -5.678615
20                    2.672637         2.608239        -5.667003
22                    2.991967         2.622274        -5.588677
24                    2.775915         2.649723        -5.639167
26                    2.914159         2.672018        -5.617227
28                    2.997585         2.694544        -5.588845
30                    2.982002         2.709333        -5.590459
32                    2.770520         2.726511        -5.618378
34                    3.189107         2.741390        -5.546943
36                    2.928246         2.767464        -5.611115
38                    2.882033         2.780822        -5.603813
40                    2.483875         2.772956        -5.706268
42                    2.129307         2.746012        -5.780502
44                    2.682220         2.733197        -5.664855
46                    2.731176         2.735787        -5.648214
48                    2.537638         2.729773        -5.685619
50                    2.605828         2.729966        -5.675111
52                    2.674468         2.727878        -5.666475
54                    3.048557         2.734934        -5.609853
56                    2.793913         2.740990        -5.654401
58                    2.990644         2.745919        -5.620795
60                    2.552687         2.748408        -5.711999
62                    2.392800         2.739283        -5.737602
64                    2.185019         2.724035        -5.780108
66                    2.689782         2.711350        -5.681070
68                    2.949425         2.714204        -5.622254
70                    2.748159         2.717764        -5.681430
72                    2.682144         2.716313        -5.702900
74                    2.779651         2.717204        -5.679923
76                    2.971245         2.721312        -5.615015
78                    3.075296         2.726828        -5.575974
80                    2.976164         2.733946        -5.618139
82                    2.773532         2.736847        -5.666534
84                    3.095144         2.744744        -5.609038
86                    3.086470         2.754629        -5.590164
88                    2.744691         2.757756        -5.649455
90                    3.013190         2.762934        -5.577872
92                    2.813915         2.768413        -5.617460
94                    3.163959         2.771019        -5.549415
96                    2.982785         2.777429        -5.570886
98                    2.947717         2.780385        -5.572865
100                   2.551179         2.778056        -5.640341
102                   2.962022         2.778973        -5.568137
104                   2.678163         2.777821        -5.648710
106                   2.561017         2.775450        -5.660430
108                   2.633794         2.772668        -5.654748
110                   2.660785         2.772302        -5.670698
112                   2.491259         2.771457        -5.707145
114                   2.631332         2.768600        -5.680993
116                   2.851263         2.768976        -5.644370
118                   2.608147         2.770736        -5.697869
120                   2.950980         2.772488        -5.614861
122                   3.211661         2.778190        -5.565007
124                   3.186539         2.784891        -5.572168
126                   3.015778         2.788305        -5.603768
128                   3.191175         2.792405        -5.556318
130                   3.397747         2.799296        -5.513925
132                   2.646868         2.804380        -5.681883
134                   2.804326         2.805106        -5.647144
136                   3.269958         2.807423        -5.554411
138                   2.996903         2.813228        -5.612879
140                   3.168739         2.818133        -5.585668
142                   3.103249         2.824337        -5.594662
144                   2.806713         2.826618        -5.656573
146                   2.763067         2.827125        -5.655125
148                   2.737955         2.826245        -5.664795
150                   2.848861         2.825638        -5.646743
152                   2.792615         2.825514        -5.660971
154                   3.268049         2.828371        -5.552939
156                   3.103132         2.832408        -5.582140
158                   2.739557         2.834456        -5.647045
160                   2.684373         2.832768        -5.650898
162                   2.608374         2.830088        -5.651597
164                   2.671758         2.828383        -5.644692
166                   2.273057         2.824289        -5.736851
168                   2.268297         2.816764        -5.736974
170                   2.370957         2.810612        -5.728806
172                   2.537875         2.806370        -5.712384
174                   2.578767         2.803372        -5.690344
176                   2.459046         2.800167        -5.706040
178                   2.566750         2.796567        -5.702412
180                   2.576430         2.794488        -5.695046
182                   2.792192         2.794546        -5.645442
184                   2.592755         2.793265        -5.684962
186                   2.914138         2.793738        -5.617265
188                   2.826107         2.793861        -5.636161
190                   2.721296         2.795761        -5.662513
192                   2.766695         2.794769        -5.651927
194                   2.797894         2.795245        -5.643142
196                   2.824205         2.796046        -5.633931
198                   2.733130         2.796919        -5.649642
200                   2.766843         2.796815        -5.661093
202                   2.985819         2.798029        -5.594157
204                   3.054566         2.800287        -5.600368
206                   3.132694         2.803573        -5.605960
208                   2.987814         2.805362        -5.626194
210                   2.972057         2.807033        -5.622960
212                   2.851123         2.807091        -5.648382
214                   2.628938         2.805593        -5.695244
216                   2.863557         2.806647        -5.644089
218                   2.661213         2.804986        -5.684243
220                   2.902048         2.804282        -5.630952
222                   2.476903         2.804766        -5.730737
224                   2.555924         2.802430        -5.710939
226                   2.746734         2.800639        -5.674622
228                   2.802317         2.800663        -5.668907
230                   2.610470         2.800695        -5.700459
232                   2.516373         2.798697        -5.733864
234                   2.627399         2.798101        -5.695502
236                   2.881406         2.798206        -5.637734
238                   2.817199         2.799011        -5.654482
240                   2.757997         2.799646        -5.679391
242                   2.530686         2.798843        -5.707070
244                   2.880974         2.797674        -5.635652
246                   3.105248         2.800467        -5.604009
248                   3.196199         2.804448        -5.592398
250                   3.228788         2.807053        -5.568441
252                   2.901319         2.810078        -5.640149
254                   3.269226         2.812552        -5.569884
256                   3.008373         2.814207        -5.621427
258                   3.099966         2.815543        -5.600387
260                   3.777935         2.820339        -5.452232
262                   2.984277         2.824840        -5.618427
264                   3.198968         2.826643        -5.579261
266                   3.253361         2.830253        -5.570101
268                   3.222584         2.833642        -5.564492
270                   2.948880         2.836696        -5.618394
272                   2.727623         2.835961        -5.667669
274                   2.893845         2.835080        -5.631785
276                   2.491431         2.834942        -5.708482
278                   2.689487         2.833239        -5.674900
280                   2.567933         2.832445        -5.701415
282                   2.004056         2.827911        -5.836522
284                   2.462906         2.823304        -5.732152
286                   2.816664         2.822511        -5.657778
288                   2.773383         2.822132        -5.669922
290                   2.732520         2.822477        -5.693445
292                   3.080785         2.822524        -5.602846
294                   2.752598         2.823848        -5.655457
296                   2.625387         2.822532        -5.684966
298                   2.315120         2.819743        -5.742929
300                   2.234327         2.816186        -5.771327
302                   2.463674         2.813301        -5.733295
304                   2.383718         2.810499        -5.751050
306                   2.572450         2.807959        -5.697872
308                   2.267624         2.805399        -5.752948
310                   2.078743         2.800283        -5.792665
312                   2.284668         2.796167        -5.754326
314                   2.236389         2.793451        -5.764545
316                   2.317541         2.790908        -5.743581
318                   2.118064         2.787062        -5.783532
320                   2.360505         2.783498        -5.740413
322                   2.449222         2.782082        -5.712322
324                   2.841306         2.781609        -5.635924
326                   3.056199         2.782172        -5.607092
328                   2.679059         2.782760        -5.704689
330                   2.883737         2.782775        -5.645167
332                   2.834972         2.783869        -5.652287
334                   2.777592         2.784092        -5.655995
336                   2.024999         2.782114        -5.817925
338                   2.294691         2.779015        -5.761328
340                   2.205724         2.776739        -5.746466
342                   1.989610         2.773481        -5.804050
344                   2.197308         2.770352        -5.749037
346                   2.356404         2.767521        -5.723063
348                   2.433820         2.765835        -5.716346
350                   2.297434         2.764056        -5.744232
352                   2.708787         2.761943        -5.653897
354                   2.569101         2.761059        -5.688332
356                   2.421867         2.759419        -5.724356
358                   2.441331         2.757515        -5.708915
360                   2.269268         2.755712        -5.747317
362                   2.174203         2.752703        -5.770278
364                   2.491765         2.750999        -5.705391
366                   2.423377         2.748714        -5.707513
368                   1.907119         2.746686        -5.812758
370                   2.314131         2.743864        -5.735450
372                   2.461533         2.741864        -5.702205
374                   2.388340         2.740092        -5.734554
376                   2.462281         2.737946        -5.710581
378                   2.386729         2.736361        -5.745822
380                   2.701404         2.735117        -5.677503
382                   2.516108         2.733856        -5.696363
384                   2.390524         2.732710        -5.714888
386                   2.210572         2.730824        -5.746799
388                   2.172320         2.728182        -5.762503
390                   2.647680         2.726374        -5.661368
392                   2.638539         2.724880        -5.666874
394                   2.619184         2.724841        -5.669287
396                   2.308399         2.723547        -5.731842
398                   2.541316         2.722291        -5.683103
400                   2.246501         2.721048        -5.741081

    ***FINAL POSITIONS, XYZ Format***
250
You can copy these coordinates to a file to open in a viewer.
C	     4.286875	     0.243316	     0.333439
C	     3.278396	     5.590222	     3.229737
C	     0.774351	     2.197688	     1.313561
C	     0.771325	     1.212583	     4.191574
C	     1.901796	     1.019705	     0.639358
C	     0.121507	     0.491290	     4.589525
C	     0.705889	     1.087466	     3.136920
C	     2.957937	     5.153178	     4.302232
C	     1.185202	     1.333831	     5.261009
C	     1.118439	     3.664452	     5.458324
C	     3.477803	     0.292087	     0.984436
C	     6.168236	     6.035167	     1.367225
C	     1.991220	     3.051784	     5.644245
C	     5.649375	     2.296892	     6.337791
C	     2.374913	     0.176480	     0.831788
C	     4.017690	     6.321676	     3.433438
C	     5.521063	     3.322655	     5.135533
C	     4.025844	     6.541079	     1.785211
C	     5.393072	     6.387103	     0.708489
C	     4.169267	     1.278915	     3.241156
C	     2.872928	     1.033486	     1.277322
C	     1.265508	     4.617723	     0.757700
C	     0.059389	     6.061697	     4.868446
C	     2.280326	     0.353401	     1.907139
C	     1.805100	     2.454427	     1.876248
C	     2.409296	     2.302601	     4.694079
C	     0.254307	     1.564231	     5.363839
C	     1.007796	     3.497047	     0.784164
C	     4.376029	     3.325592	     0.363385
C	     5.069034	     4.560083	     1.931032
C	     3.046285	     5.345748	     2.297461
C	     1.778093	     1.817213	     2.669300
C	     5.931144	     2.262985	     4.102511
C	     2.878455	     1.448261	     4.124506
C	     2.763496	     4.699052	     3.269637
C	     0.923196	     1.993102	     0.343687
C	     4.767858	     4.246109	     5.172543
C	     3.365167	     4.502222	     5.832082
C	     0.600752	     5.095556	     0.104230
C	     0.071916	     1.976762	     6.339956
C	     2.602413	     5.022322	     0.724525
C	     3.335295	     0.863071	     2.202695
C	     1.627444	     5.210851	     5.515141
C	     3.553230	     5.549217	     5.049313
C	     0.476564	     4.278052	     1.317461
C	     3.042658	     3.125086	     5.281703
C	     0.549399	     4.001862	     2.363535
C	     3.582200	     6.626801	     6.332562
C	     6.450940	     4.956513	     2.069077
C	     2.490535	     3.988761	     5.156313
C	     5.313333	     1.161912	     0.525156
C	     1.934663	     5.394013	     4.558288
C	     3.753748	     4.837589	     2.801400
C	     3.565335	     5.013886	     1.157232
C	     4.083289	     3.477166	     5.259674
C	     6.544797	     1.066048	     3.710225
C	     1.833756	     2.078280	     0.865227
C	     5.638738	     1.828993	     2.666659
C	     6.301542	     3.681872	     2.966454
C	     5.118267	     6.489532	     1.851804
C	     3.601341	     2.132627	     3.362889
C	     1.278127	     6.181030	     2.029663
C	     1.130645	     3.114994	     1.771466
C	     6.270143	     3.199280	     5.894983
C	     5.323211	     5.633646	     6.623956
C	     0.598388	     1.875761	     2.356400
C	     2.029482	     3.079548	     1.130262
C	     6.464166	     2.002866	     3.161856
C	     4.489641	     6.121204	     6.228560
C	     5.486110	     2.674279	     1.382190
C	     1.365423	     0.498454	     1.374173
C	     5.985153	     0.475906	     1.143054
C	     4.952994	     1.624629	     1.374220
C	     3.129577	     6.563234	     2.530401
C	     6.139757	     1.315050	     4.627894
C	     1.879851	     5.727245	     0.921881
C	     3.440926	     4.277078	     0.285051
C	     2.947181	     0.750105	     6.528123
C	     0.987535	     5.104767	     2.018929
C	     1.831547	     2.068744	     5.547100
C	     2.722670	     6.182542	     3.874368
C	     0.182256	     4.181871	     3.965974
C	     0.686125	     3.280457	     6.416378
C	     3.867607	     2.418987	     0.430247
C	     1.754971	     6.339516	     4.188665
C	     1.783660	     1.759615	     6.452072
C	     4.320172	     5.123502	     0.160070
C	     2.536929	     3.374758	     3.192884
C	     3.520786	     1.889709	     5.072859
C	     1.528403	     3.906094	     6.413186
C	     4.693092	     0.492029	     3.828399
C	     4.470761	     1.462517	     2.338854
C	     4.667004	     3.630419	     1.516847
C	     1.155158	     5.934566	     4.820605
C	     4.523380	     2.058016	     5.415772
C	     0.326197	     2.495337	     3.960250
C	     3.794525	     3.200984	     2.099498
C	     0.160111	     3.843905	     5.125591
C	     1.512476	     2.860458	     2.806680
C	     6.070331	     0.628463	     5.430302
C	     5.986553	     4.234975	     5.779589
C	     5.880765	     4.147292	     1.547730
C	     0.771005	     3.262615	     4.513271
C	     5.670086	     1.131117	     1.892590
C	     5.838315	     0.265383	     6.433876
C	     5.804582	     3.394468	     2.118018
C	     1.990391	     5.318037	     3.464831
C	     1.899774	     1.079972	     3.628480
C	     4.125545	     6.365068	     5.305662
C	     0.626309	     1.252607	     0.922830
C	     6.130272	     6.163368	     5.751527
C	     0.146767	     0.427374	     0.294133
C	     2.521065	     0.393251	     3.286341
C	     6.237397	     5.105710	     0.905656
C	     4.835430	     2.166265	     3.426103
C	     5.613990	     0.530936	     4.359401
C	     6.494487	     6.048032	     0.278722
C	     2.504118	     5.141397	     6.274837
C	     4.812815	     1.729460	     6.440833
C	     1.105069	     5.610656	     3.031828
C	     1.873689	     3.466316	     4.275744
C	     1.477912	     4.583991	     3.043198
C	     5.327014	     3.646771	     3.893349
C	     3.487398	     0.574382	     3.526280
C	     5.698427	     5.551520	     3.266500
C	     0.926947	     5.529078	     1.106303
C	     3.757879	     1.202640	     5.936622
C	     6.235391	     3.257303	     4.475465
C	     2.503636	     6.272644	     6.463338
C	     0.622291	     4.437383	     5.956712
C	     5.549992	     5.087977	     5.095080
C	     2.146006	     4.046995	     0.587661
C	     4.790228	     2.752515	     4.724813
C	     3.601514	     4.295525	     4.793240
C	     4.497335	     4.154025	     6.220386
C	     6.627513	     1.399111	     1.781521
C	     2.883663	     4.260962	     2.218103
C	     2.153599	     2.220103	     3.677870
C	     6.203330	     0.859749	     2.673404
C	     4.409692	     0.983454	     5.091022
C	     1.964077	     4.498698	     4.024355
C	     3.523080	     2.053859	     2.267100
C	     3.610524	     3.446747	     6.136068
C	     0.160660	     0.097674	     2.960612
C	     1.623605	     2.851338	     0.026810
C	     1.263351	     0.382328	     4.872817
C	     6.543672	     4.054138	     0.229955
C	     2.829548	     1.451999	     5.775015
C	     4.837650	     4.856024	     4.310919
C	     4.026194	     1.334036	     0.382679
C	     5.708839	     2.306464	     5.191328
C	     3.167293	     3.016328	     4.278331
C	     5.255840	     1.299594	     5.532680
C	     4.926662	     2.676493	     2.218571
C	     2.967991	     0.168366	     5.544330
C	     4.535285	     3.879900	     2.872407
C	     4.459239	     0.365497	     2.689609
C	     4.550213	     4.288424	     0.786200
C	     5.533488	     5.515113	     2.162394
C	     1.166318	     0.435622	     0.165712
C	     0.168955	     5.778328	     3.308824
C	     5.525707	     3.571437	     6.373363
C	     2.638017	     2.404248	     2.616085
C	     4.840778	     5.908231	     3.768119
C	     6.068819	     1.259064	     6.595319
C	     5.527281	     3.597671	     0.729574
C	     0.965531	     2.023941	     3.274836
C	     1.937310	     0.706089	     5.894980
C	     2.805476	     2.846617	     6.439487
C	     4.556440	     5.631835	     4.768292
C	     5.391902	     4.657902	     0.310031
C	     3.479518	     5.569588	     5.994707
C	     2.102220	     4.617926	     1.520536
C	     3.806298	     1.422220	     1.424064
C	     3.639857	     6.409622	     4.449480
C	     2.084763	     1.105760	     4.875410
C	     5.629964	     6.008663	     4.698379
C	     1.337053	     2.207872	     4.347907
C	     6.169403	     6.403257	     3.980961
C	     0.615963	     0.514118	     2.108139
C	     2.566591	     3.235112	     2.056179
C	     0.210788	     2.522127	     5.030617
C	     5.219715	     0.059027	     5.249111
C	     3.386127	     0.783512	     4.841423
C	     1.025326	     6.101437	     0.145779
C	     5.125498	     2.679831	     0.469802
C	     0.459131	     0.092507	     1.145492
C	     4.675923	     2.789338	     6.199787
C	     0.659353	     5.110681	     4.186911
C	     5.988748	     6.612183	     2.161565
C	     1.585483	     5.209111	     6.540618
C	     0.056777	     3.063548	     1.358127
C	     3.034088	     4.118894	     1.213004
C	     1.100180	     0.087103	     2.966894
C	     4.277714	     2.421000	     1.491375
C	     5.889054	     4.218023	     4.635736
C	     1.520842	     6.515638	     5.713199
C	     4.618383	     0.644726	     6.068264
C	     0.349294	     0.298881	     5.782301
C	     5.206128	     5.505815	     1.142151
C	     5.658726	     2.910143	     3.216515
C	     2.748333	     5.089116	     5.300887
C	     3.927723	     4.235868	     1.816240
C	     6.639310	     4.919775	     5.199603
C	     4.333603	     5.850628	     0.863423
C	     3.593412	     2.362451	     6.097202
C	     1.259219	     4.408386	     4.786331
C	     0.468640	     5.780375	     5.853748
C	     0.286693	     2.957162	     3.049325
C	     3.604683	     3.530841	     3.359205
C	     4.481097	     2.952422	     3.851990
C	     6.419197	     2.906332	     0.312395
C	     0.379453	     4.813121	     3.031596
C	     6.271927	     5.143740	     4.038115
C	     4.512572	     5.803010	     2.786375
C	     2.528618	     6.223917	     4.904546
C	     3.979449	     5.247012	     3.859187
C	     1.999745	     5.176200	     2.526109
C	     6.330167	     5.198577	     6.278379
C	     0.626573	     0.068962	     3.900228
C	     1.762142	     0.816387	     2.687949
C	     4.769260	     5.237584	     5.679800
C	     2.810058	     1.442088	     3.012553
C	     2.775612	     6.074669	     1.533889
C	     2.560802	     0.444347	     4.286388
C	     1.324605	     1.459708	     1.736679
C	     5.680031	     0.020137	     3.108311
C	     6.267567	     1.923308	     0.937213
C	     2.853325	     4.093508	     4.093248
C	     0.292292	     5.908581	     2.188340
C	     2.845256	     2.438799	     1.279976
C	     1.818391	     3.954025	     2.331456
C	     2.999589	     1.828306	     0.352131
C	     6.426496	     2.575865	     2.179773
C	     4.257553	     4.077108	     4.015736
C	     0.887233	     1.253986	     6.252726
C	     0.962087	     2.401224	     5.909426
C	     3.219279	     5.686529	     0.384498
C	     2.706837	     3.862726	     6.177968
C	     5.264014	     1.115708	     3.278283
C	     4.721354	     0.647237	     1.435024
C	     0.966830	     3.536332	     3.579203
C	     2.488139	     1.503148	     2.003914
C	     5.092457	     1.458704	     4.299444
C	     3.972762	     1.685217	     4.172034
C	     4.396710	     5.292611	     1.927222
C	     3.153946	     3.234033	     0.632357
C	     4.777089	     4.874689	     3.075390
C	     5.726012	     4.470846	     3.175373
C	     2.020302	     6.160579	     2.775331

***Radial Distribution Function***

         1	     0.812500	     0.000000
         2	     0.837500	     0.000000
         3	     0.862500	     0.000000
         4	     0.887500	     0.000000
         5	     0.912500	     0.036337
         6	     0.937500	     0.259721
         7	     0.962500	     0.746977
         8	     0.987500	     1.478255
         9	     1.012500	     2.106025
        10	     1.037500	     2.506989
        11	     1.062500	     2.582265
        12	     1.087500	     2.583963
        13	     1.112500	     2.392168
        14	     1.137500	     2.178665
        15	     1.162500	     1.950526
        16	     1.187500	     1.724382
        17	     1.212500	     1.558033
        18	     1.237500	     1.384803
        19	     1.262500	     1.268292
        20	     1.287500	     1.140000
        21	     1.312500	     1.017164
        22	     1.337500	     0.941147
        23	     1.362500	     0.851253
        24	     1.387500	     0.805760
        25	     1.412500	     0.748211
        26	     1.437500	     0.698202
        27	     1.462500	     0.672575
        28	     1.487500	     0.655439
        29	     1.512500	     0.646261
        30	     1.537500	     0.614770
        31	     1.562500	     0.607771
        32	     1.587500	     0.625155
        33	     1.612500	     0.623434
        34	     1.637500	     0.664317
        35	     1.662500	     0.701718
        36	     1.687500	     0.730631
        37	     1.712500	     0.759918
        38	     1.737500	     0.817893
        39	     1.762500	     0.845390
        40	     1.787500	     0.892323
        41	     1.812500	     0.928064
        42	     1.837500	     0.980354
        43	     1.862500	     1.040488
        44	     1.887500	     1.086771
        45	     1.912500	     1.119810
        46	     1.937500	     1.150154
        47	     1.962500	     1.173543
        48	     1.987500	     1.185008
        49	     2.012500	     1.230458
        50	     2.037500	     1.217551
        51	     2.062500	     1.246807
        52	     2.087500	     1.216298
        53	     2.112500	     1.216010
        54	     2.137500	     1.205895
        55	     2.162500	     1.184196
        56	     2.187500	     1.154404
        57	     2.212500	     1.126260
        58	     2.237500	     1.088966
        59	     2.262500	     1.048412
        60	     2.287500	     1.037187
        61	     2.312500	     1.013034
        62	     2.337500	     0.960667
        63	     2.362500	     0.949299
        64	     2.387500	     0.928629
        65	     2.412500	     0.909432
        66	     2.437500	     0.902066
        67	     2.462500	     0.896293
        68	     2.487500	     0.881999
        69	     2.512500	     0.857890
        70	     2.537500	     0.862007
        71	     2.562500	     0.856493
        72	     2.587500	     0.857608
        73	     2.612500	     0.876915
        74	     2.637500	     0.879878
        75	     2.662500	     0.904426
        76	     2.687500	     0.917169
        77	     2.712500	     0.938207
        78	     2.737500	     0.967243
        79	     2.762500	     0.977766
        80	     2.787500	     0.998515
        81	     2.812500	     1.008642
        82	     2.837500	     1.019523
        83	     2.862500	     1.057257
        84	     2.887500	     1.057534
        85	     2.912500	     1.065132
        86	     2.937500	     1.084506
        87	     2.962500	     1.083279
        88	     2.987500	     1.081840
        89	     3.012500	     1.076999
        90	     3.037500	     1.084248
        91	     3.062500	     1.067034
        92	     3.087500	     1.079679
        93	     3.112500	     1.066301
        94	     3.137500	     1.051598
        95	     3.162500	     1.048068
        96	     3.187500	     1.048145
        97	     3.212500	     1.032099
        98	     3.237500	     1.015849
        99	     3.262500	     1.009797
       100	     3.287500	     1.003007

***Simulation Averages***

Temperature:              1.100000
Pressure:                 2.721048
Heat Capacity:            2.317278
Potential Energy:        -5.662798
MC Moves Accepted:        0.300580
Final Max Displacment:    0.139114

Total Wall Time (h:mm:ss): 0:10:57.524268
