MC simulation of 125 LJ Particles at T*=1.0000 and rho*=0.8500

Input File:         mc_example.input
Output File:        mc_example.output

The random number seed was specified in the input file.
Random Number Seed: -123


    ***Input Parameters***
sim         mc
N           125
temp        1.0
rho         0.85
esteps      1000
psteps      20000
rcut        2.5
dt          0.01
output      50
seed        -123
coord       N125T10R08.coor
vel         
rdf         0.8  4.0  100  100

Energy Tail Correction:    -0.45511814
Pressure Tail Correction:  -0.77264303

    ***INITIAL POSITIONS, XYZ Format***
125
You can copy these coordinates to a file to open in a viewer.
C	     3.678478	     0.122422	     5.245256
C	     3.175779	     2.871283	     2.654082
C	     4.888341	     5.149208	     2.281409
C	     3.676550	     4.996878	     1.078927
C	     4.538562	     4.439767	     0.538415
C	     3.044947	     1.840937	     4.343844
C	     2.178115	     1.480096	     2.627403
C	     0.181973	     0.933486	     2.262733
C	     2.676605	     2.068976	     1.932180
C	     0.880565	     3.739532	     5.013121
C	     1.151508	     0.841534	     0.271089
C	     0.085253	     3.343773	     1.157988
C	     4.959577	     0.058459	     0.992545
C	     0.990534	     2.612032	     1.071692
C	     4.765155	     2.540596	     2.903477
C	     1.432109	     4.616336	     1.392175
C	     0.574931	     1.727292	     1.456910
C	     3.835863	     0.963390	     4.589907
C	     3.707317	     4.510417	     2.312583
C	     2.253098	     3.984039	     1.021751
C	     4.795066	     0.883545	     3.851323
C	     5.026549	     3.760207	     4.774846
C	     2.071541	     0.090103	     1.113964
C	     1.972826	     2.566256	     0.016516
C	     1.047996	     2.563811	     4.541555
C	     4.679231	     4.517317	     3.062171
C	     0.842483	     3.934765	     2.071477
C	     2.670032	     3.667764	     3.836368
C	     0.272092	     4.854630	     3.467783
C	     1.167861	     5.119591	     4.838279
C	     3.847844	     3.429945	     2.039341
C	     0.129172	     3.430601	     2.869692
C	     1.358458	     0.125135	     3.914591
C	     2.806335	     4.913449	     0.420247
C	     1.673098	     1.814789	     4.346413
C	     1.462304	     0.848196	     1.542511
C	     0.582515	     1.661700	     4.552900
C	     3.127059	     1.951569	     3.214374
C	     0.660307	     4.188230	     0.864278
C	     5.069447	     2.248285	     4.668570
C	     3.415205	     3.319074	     4.694507
C	     2.690044	     4.814083	     1.642490
C	     2.901629	     3.164649	     0.331149
C	     5.009842	     3.786761	     3.732914
C	     0.667379	     0.506326	     3.197875
C	     4.639958	     2.859695	     1.847572
C	     2.621896	     5.019097	     3.156315
C	     3.241350	     2.791517	     3.688046
C	     0.522042	     0.698268	     1.171514
C	     2.826649	     0.760778	     2.973208
C	     4.323486	     1.948052	     3.863205
C	     4.040997	     1.641458	     2.852062
C	     5.257986	     1.300449	     0.614692
C	     3.720136	     4.092603	     0.105716
C	     3.455845	     1.107026	     3.647250
C	     3.573988	     4.654126	     3.482861
C	     0.955932	     2.754365	     3.130435
C	     3.402522	     1.629944	     1.097363
C	     1.836106	     2.469614	     2.522519
C	     0.948670	     3.835491	     3.426996
C	     2.063034	     4.587752	     3.862661
C	     1.133493	     1.463825	     2.344546
C	     2.371177	     1.189515	     4.917599
C	     4.911211	     1.170736	     4.775332
C	     2.273860	     1.091550	     3.818789
C	     3.362377	     4.654281	     4.560787
C	     0.298425	     0.153116	     4.371031
C	     0.088968	     2.740537	     3.813222
C	     4.280547	     0.836710	     0.338307
C	     5.031425	     1.794268	     2.267746
C	     1.478614	     3.199520	     1.834753
C	     1.109239	     5.102446	     0.561640
C	     2.950786	     3.853457	     2.830880
C	     4.229769	     5.175715	     4.058924
C	     1.515141	     3.154466	     3.962278
C	     4.037557	     1.868335	     0.026293
C	     3.852469	     2.196475	     2.118276
C	     0.285009	     4.654516	     5.233925
C	     4.252706	     3.299470	     3.214594
C	     1.751185	     0.620556	     3.047867
C	     2.544786	     3.250639	     1.949378
C	     2.096384	     4.236801	     2.200669
C	     4.997709	     4.621371	     4.365180
C	     1.946348	     3.571406	     4.867946
C	     4.873123	     3.306309	     0.303655
C	     4.800914	     3.923957	     2.141946
C	     3.088656	     0.702175	     0.432510
C	     4.095354	     3.557019	     0.955731
C	     2.516248	     0.991158	     1.629267
C	     1.856056	     4.534576	     0.046780
C	     3.974189	     2.860044	     0.331350
C	     1.955891	     3.487675	     2.968354
C	     0.325877	     0.424090	     0.090775
C	     0.573592	     2.504945	     2.122330
C	     2.165606	     0.089601	     2.353278
C	     2.504761	     2.689637	     4.361859
C	     3.658702	     2.639292	     1.243685
C	     4.025741	     3.900656	     4.102140
C	     0.294873	     2.324191	     0.207239
C	     3.096918	     0.407357	     4.222277
C	     4.388760	     2.955442	     4.197467
C	     2.918581	     2.133758	     0.068237
C	     2.216633	     2.731469	     0.974366
C	     1.226363	     1.891707	     0.192107
C	     0.375617	     1.587078	     3.208919
C	     1.614607	     3.440295	     0.523842
C	     2.772575	     3.991621	     5.137708
C	     3.364126	     1.206733	     2.234174
C	     2.187576	     2.782691	     3.473060
C	     4.439752	     1.536950	     1.240857
C	     5.086326	     4.487009	     1.410774
C	     0.871880	     4.409313	     4.273773
C	     3.275724	     0.150268	     2.375213
C	     0.765700	     5.177164	     2.195887
C	     3.224604	     3.978069	     1.477579
C	     4.321965	     0.745958	     2.067691
C	     1.662620	     1.890913	     1.587350
C	     1.444260	     1.954730	     3.235921
C	     2.190728	     0.042346	     4.813362
C	     4.738432	     0.154216	     5.012533
C	     1.024564	     0.828739	     4.601036
C	     1.448109	     4.783626	     3.030352
C	     2.289713	     1.431391	     0.715684
C	     4.093292	     0.446920	     3.237629
C	     3.295634	     0.485393	     1.503797


Iteration                P              P Ave.              PE

0                     4.368544         4.368544        -5.297870
50                    3.040417         3.476271        -5.575733
100                   2.721804         3.048661        -5.668249
150                   1.838768         2.853873        -5.847443
200                   1.804004         2.591897        -5.862503
250                   1.480241         2.497916        -5.901567
300                   2.138467         2.426072        -5.776436
350                   1.527330         2.332669        -5.887051
400                   2.250795         2.261734        -5.734633
450                   2.685284         2.237150        -5.632106
500                   2.174680         2.244517        -5.792560
550                   2.818273         2.236912        -5.646079
600                   2.840329         2.245203        -5.635825
650                   2.175034         2.229342        -5.738323
700                   3.106939         2.226273        -5.581965
750                   2.656398         2.273309        -5.726094
800                   2.270817         2.275648        -5.767013
850                   2.307728         2.270313        -5.795994
900                   3.000318         2.288480        -5.629972
950                   2.576984         2.306314        -5.676522
1000                  1.783279         2.304389        -5.826504
50                    1.730616         1.798154        -5.826574
100                   2.551970         2.122100        -5.673331
150                   2.108121         2.239722        -5.776216
200                   2.892840         2.276955        -5.618678
250                   2.063254         2.277392        -5.792595
300                   2.187474         2.243279        -5.759700
350                   2.886727         2.211447        -5.638786
400                   2.404419         2.240972        -5.722209
450                   2.459217         2.278554        -5.724857
500                   2.045935         2.299881        -5.776417
550                   2.326273         2.310463        -5.734199
600                   3.039824         2.343895        -5.619134
650                   2.131751         2.345579        -5.773946
700                   2.017056         2.335661        -5.801504
750                   1.196529         2.285037        -5.929553
800                   2.248364         2.266424        -5.744661
850                   1.097826         2.245830        -5.970631
900                   1.783877         2.237946        -5.851374
950                   1.306090         2.228005        -5.957816
1000                  2.093310         2.236312        -5.801527
1050                  2.049777         2.221395        -5.803590
1100                  1.983844         2.234862        -5.795733
1150                  2.477281         2.224035        -5.735276
1200                  1.782232         2.223011        -5.857960
1250                  2.583837         2.215991        -5.668253
1300                  2.360571         2.212975        -5.734720
1350                  1.566980         2.199157        -5.906435
1400                  2.221232         2.187683        -5.774632
1450                  2.388080         2.192025        -5.718438
1500                  2.361980         2.181732        -5.742744
1550                  2.531901         2.180290        -5.668302
1600                  2.150191         2.183692        -5.767223
1650                  1.456963         2.182430        -5.917218
1700                  2.332133         2.170267        -5.743723
1750                  2.114515         2.162459        -5.774771
1800                  2.648388         2.167604        -5.619922
1850                  2.054863         2.161138        -5.777599
1900                  1.514183         2.152885        -5.928532
1950                  1.351882         2.150030        -5.950743
2000                  1.433376         2.135692        -5.927392
2050                  2.771991         2.130216        -5.653402
2100                  1.911881         2.124882        -5.783383
2150                  2.875527         2.127373        -5.649695
2200                  2.805173         2.139420        -5.647168
2250                  2.231519         2.141638        -5.752400
2300                  2.142670         2.141900        -5.776955
2350                  2.568091         2.140433        -5.671198
2400                  1.546869         2.147290        -5.886061
2450                  1.925387         2.140035        -5.816409
2500                  2.127743         2.143675        -5.782157
2550                  1.729508         2.142160        -5.850718
2600                  2.632636         2.151750        -5.710854
2650                  2.736576         2.162173        -5.640709
2700                  3.034135         2.166400        -5.567917
2750                  2.406412         2.171666        -5.738243
2800                  2.822086         2.172934        -5.643024
2850                  2.657484         2.173518        -5.693184
2900                  2.021772         2.176544        -5.779062
2950                  1.575713         2.172627        -5.899395
3000                  2.139294         2.164199        -5.781826
3050                  1.705398         2.157624        -5.859652
3100                  2.484097         2.156959        -5.708837
3150                  2.203162         2.157151        -5.781149
3200                  2.208411         2.153824        -5.755600
3250                  1.412976         2.150324        -5.926798
3300                  1.743049         2.146967        -5.872934
3350                  2.508544         2.144203        -5.744712
3400                  1.551561         2.137998        -5.859644
3450                  2.424388         2.138686        -5.700870
3500                  1.580391         2.134489        -5.923481
3550                  1.903362         2.132172        -5.854858
3600                  1.967185         2.127077        -5.803191
3650                  1.573296         2.123113        -5.903988
