MD simulation of 125 LJ Particles at T*=1.0000 and rho*=0.8500

Input File:         md_example.input
Output File:        md_example.output

The random number seed was specified in the input file.
Random Number Seed: -123


    ***Input Parameters***
sim         md
N           125
temp        1.0
rho         0.85
esteps      100000
psteps      200000
rcut        2.5
dt          0.005
output      2000
seed        -123
coord       N125T10R08.coor
vel         N125T10R08.vel
rdf         0.8  4.0  100  500

Energy Tail Correction:    -0.45511814
Pressure Tail Correction:  -0.77264303

    ***INITIAL POSITIONS, XYZ Format***
125
You can copy these coordinates to a file to open in a viewer.
C	     3.678478	     0.122422	     5.245256
C	     3.175779	     2.871283	     2.654082
C	     4.888341	     5.149208	     2.281409
C	     3.676550	     4.996878	     1.078927
C	     4.538562	     4.439767	     0.538415
C	     3.044947	     1.840937	     4.343844
C	     2.178115	     1.480096	     2.627403
C	     0.181973	     0.933486	     2.262733
C	     2.676605	     2.068976	     1.932180
C	     0.880565	     3.739532	     5.013121
C	     1.151508	     0.841534	     0.271089
C	     0.085253	     3.343773	     1.157988
C	     4.959577	     0.058459	     0.992545
C	     0.990534	     2.612032	     1.071692
C	     4.765155	     2.540596	     2.903477
C	     1.432109	     4.616336	     1.392175
C	     0.574931	     1.727292	     1.456910
C	     3.835863	     0.963390	     4.589907
C	     3.707317	     4.510417	     2.312583
C	     2.253098	     3.984039	     1.021751
C	     4.795066	     0.883545	     3.851323
C	     5.026549	     3.760207	     4.774846
C	     2.071541	     0.090103	     1.113964
C	     1.972826	     2.566256	     0.016516
C	     1.047996	     2.563811	     4.541555
C	     4.679231	     4.517317	     3.062171
C	     0.842483	     3.934765	     2.071477
C	     2.670032	     3.667764	     3.836368
C	     0.272092	     4.854630	     3.467783
C	     1.167861	     5.119591	     4.838279
C	     3.847844	     3.429945	     2.039341
C	     0.129172	     3.430601	     2.869692
C	     1.358458	     0.125135	     3.914591
C	     2.806335	     4.913449	     0.420247
C	     1.673098	     1.814789	     4.346413
C	     1.462304	     0.848196	     1.542511
C	     0.582515	     1.661700	     4.552900
C	     3.127059	     1.951569	     3.214374
C	     0.660307	     4.188230	     0.864278
C	     5.069447	     2.248285	     4.668570
C	     3.415205	     3.319074	     4.694507
C	     2.690044	     4.814083	     1.642490
C	     2.901629	     3.164649	     0.331149
C	     5.009842	     3.786761	     3.732914
C	     0.667379	     0.506326	     3.197875
C	     4.639958	     2.859695	     1.847572
C	     2.621896	     5.019097	     3.156315
C	     3.241350	     2.791517	     3.688046
C	     0.522042	     0.698268	     1.171514
C	     2.826649	     0.760778	     2.973208
C	     4.323486	     1.948052	     3.863205
C	     4.040997	     1.641458	     2.852062
C	     5.257986	     1.300449	     0.614692
C	     3.720136	     4.092603	     0.105716
C	     3.455845	     1.107026	     3.647250
C	     3.573988	     4.654126	     3.482861
C	     0.955932	     2.754365	     3.130435
C	     3.402522	     1.629944	     1.097363
C	     1.836106	     2.469614	     2.522519
C	     0.948670	     3.835491	     3.426996
C	     2.063034	     4.587752	     3.862661
C	     1.133493	     1.463825	     2.344546
C	     2.371177	     1.189515	     4.917599
C	     4.911211	     1.170736	     4.775332
C	     2.273860	     1.091550	     3.818789
C	     3.362377	     4.654281	     4.560787
C	     0.298425	     0.153116	     4.371031
C	     0.088968	     2.740537	     3.813222
C	     4.280547	     0.836710	     0.338307
C	     5.031425	     1.794268	     2.267746
C	     1.478614	     3.199520	     1.834753
C	     1.109239	     5.102446	     0.561640
C	     2.950786	     3.853457	     2.830880
C	     4.229769	     5.175715	     4.058924
C	     1.515141	     3.154466	     3.962278
C	     4.037557	     1.868335	     0.026293
C	     3.852469	     2.196475	     2.118276
C	     0.285009	     4.654516	     5.233925
C	     4.252706	     3.299470	     3.214594
C	     1.751185	     0.620556	     3.047867
C	     2.544786	     3.250639	     1.949378
C	     2.096384	     4.236801	     2.200669
C	     4.997709	     4.621371	     4.365180
C	     1.946348	     3.571406	     4.867946
C	     4.873123	     3.306309	     0.303655
C	     4.800914	     3.923957	     2.141946
C	     3.088656	     0.702175	     0.432510
C	     4.095354	     3.557019	     0.955731
C	     2.516248	     0.991158	     1.629267
C	     1.856056	     4.534576	     0.046780
C	     3.974189	     2.860044	     0.331350
C	     1.955891	     3.487675	     2.968354
C	     0.325877	     0.424090	     0.090775
C	     0.573592	     2.504945	     2.122330
C	     2.165606	     0.089601	     2.353278
C	     2.504761	     2.689637	     4.361859
C	     3.658702	     2.639292	     1.243685
C	     4.025741	     3.900656	     4.102140
C	     0.294873	     2.324191	     0.207239
C	     3.096918	     0.407357	     4.222277
C	     4.388760	     2.955442	     4.197467
C	     2.918581	     2.133758	     0.068237
C	     2.216633	     2.731469	     0.974366
C	     1.226363	     1.891707	     0.192107
C	     0.375617	     1.587078	     3.208919
C	     1.614607	     3.440295	     0.523842
C	     2.772575	     3.991621	     5.137708
C	     3.364126	     1.206733	     2.234174
C	     2.187576	     2.782691	     3.473060
C	     4.439752	     1.536950	     1.240857
C	     5.086326	     4.487009	     1.410774
C	     0.871880	     4.409313	     4.273773
C	     3.275724	     0.150268	     2.375213
C	     0.765700	     5.177164	     2.195887
C	     3.224604	     3.978069	     1.477579
C	     4.321965	     0.745958	     2.067691
C	     1.662620	     1.890913	     1.587350
C	     1.444260	     1.954730	     3.235921
C	     2.190728	     0.042346	     4.813362
C	     4.738432	     0.154216	     5.012533
C	     1.024564	     0.828739	     4.601036
C	     1.448109	     4.783626	     3.030352
C	     2.289713	     1.431391	     0.715684
C	     4.093292	     0.446920	     3.237629
C	     3.295634	     0.485393	     1.503797

         ***INITIAL VELOCITIES***
	    -1.298180	    -0.657873	    -2.199097
	    -0.690132	     2.302426	    -1.398852
	    -1.272587	     0.070461	     1.103721
	    -0.941145	     0.580903	     1.268674
	    -0.373896	    -1.634203	     1.834688
	     2.003557	     1.639163	    -1.353353
	    -1.618111	    -0.810527	     1.288320
	     0.990544	    -2.106175	     1.080988
	    -0.417304	     2.990600	     3.134057
	     0.104605	    -0.154768	     0.997673
	     0.419892	     1.624770	    -0.403638
	    -0.838615	    -1.743054	    -1.450621
	    -3.587266	    -1.280342	    -0.606459
	    -0.336605	    -1.279321	     0.610440
	     0.958137	    -0.651294	     1.443242
	    -1.258278	     0.406199	     0.945512
	    -0.683844	     0.545809	    -0.255930
	     0.680852	     0.472377	    -0.893230
	     0.286706	     0.806949	    -0.787275
	     1.727264	     1.084634	    -0.856832
	    -1.059884	     0.056024	    -0.986905
	     0.350371	     0.970619	     0.492854
	     1.010937	     0.526280	     1.276081
	    -1.778818	    -1.326353	     1.738933
	    -1.752560	     0.245518	    -0.568661
	    -0.257096	    -0.911431	    -2.135933
	     1.739458	     1.728593	     0.027662
	    -1.480250	    -0.513508	    -2.718764
	     0.727434	     1.918848	    -1.094108
	    -2.286308	    -1.140329	    -1.167564
	    -2.083763	     2.570411	    -0.721321
	    -0.229451	    -1.589564	     0.047325
	     0.884387	     2.291966	    -1.273143
	     1.718367	    -1.273649	     0.667132
	     0.282275	    -2.148914	    -0.041347
	     0.808778	    -0.886887	    -0.764953
	    -1.312822	     0.034695	     0.613076
	    -0.283881	     0.323749	     1.514014
	    -0.264449	     1.749358	    -1.202345
	     2.961684	    -0.689141	    -1.671546
	    -0.513627	    -0.039134	     1.430064
	    -1.079572	     2.390570	    -0.017821
	     0.543607	     0.324830	     0.292396
	    -1.475521	    -0.805104	     0.437502
	    -1.363374	    -2.102680	     2.344620
	     0.250636	    -1.782670	     1.434361
	     1.294958	    -2.806821	    -0.811103
	     0.803532	     1.512664	    -0.359421
	     1.425486	    -0.735412	    -0.441903
	     0.331434	    -0.925813	     1.911635
	    -0.297924	     0.550670	     0.613117
	     0.546477	    -0.398168	    -0.442808
	    -2.365820	    -1.852986	     0.529978
	     0.407385	     0.400243	    -0.929556
	     0.830379	    -0.395344	    -1.217691
	     0.054403	     1.793160	     1.487975
	    -1.184703	     2.070209	     1.239077
	    -0.868547	     1.009831	     0.115587
	     2.552326	     1.385610	     0.992288
	     1.597663	     0.150744	    -1.319921
	     2.422778	     0.280887	     1.078945
	     1.873267	    -0.027872	     0.530604
	    -1.702296	     1.752798	     1.929852
	    -1.225851	     0.924831	     0.244785
	     1.048515	     1.064717	    -0.199897
	     1.748941	     0.459062	     2.727760
	    -0.770254	    -0.935957	    -0.315539
	     1.520599	     2.987207	    -1.316246
	    -0.574452	    -2.597520	    -0.590981
	    -1.016418	     0.543876	    -0.885674
	    -1.642488	     2.091002	     0.293903
	     0.123669	     2.074075	     1.511640
	    -3.720255	    -0.053499	    -0.994346
	    -1.733885	    -1.228832	    -2.264221
	    -0.194452	    -0.354657	     0.408408
	    -0.278599	     0.111518	     0.446989
	     0.568312	     1.470018	    -1.543587
	     1.585276	    -0.536475	    -0.666149
	    -1.929151	    -0.808662	    -0.896144
	    -1.964237	     0.248049	     0.235573
	    -0.245093	    -1.302077	     0.013841
	     0.646173	    -0.619877	    -1.497394
	     0.771405	    -2.568966	    -0.977860
	    -0.014720	     3.333975	     0.542077
	    -0.361627	     0.423808	    -1.870631
	     0.839856	    -2.802175	    -1.781990
	    -1.795074	    -1.735856	     1.461453
	     0.672398	     0.288549	    -1.800846
	    -0.954806	     1.234712	    -0.210192
	     0.464752	     0.337138	     0.731870
	    -0.374725	    -2.398686	     2.428506
	    -2.042781	     0.156962	     0.171216
	    -1.520857	    -1.187277	    -0.918555
	     0.517907	     2.887681	     1.173269
	     0.076029	    -2.218133	     0.217503
	    -0.646189	     0.077781	     1.811373
	     0.021665	    -1.886963	     1.150811
	     0.588210	    -0.394853	    -0.970825
	    -0.091385	    -1.000424	    -1.437428
	     1.482407	    -1.240411	    -0.495612
	     1.249304	    -0.137881	     2.566431
	     2.867133	     1.409443	     1.661685
	     1.927577	    -0.437597	    -0.220569
	     0.840165	     3.181055	    -0.070589
	    -1.234419	    -0.680912	    -0.315630
	     2.798000	    -0.982936	    -0.050073
	    -1.422541	    -1.711105	     0.053759
	     0.725801	     0.344691	     1.478943
	     0.130839	     0.549504	    -2.024222
	     0.562189	    -0.112895	    -0.095811
	     0.181168	    -1.439650	     1.717554
	     3.402922	     1.107018	    -3.531678
	    -0.457239	    -0.438691	     0.277878
	     1.383390	     1.468733	    -0.278664
	     3.228053	    -1.410800	    -1.552527
	     0.872046	    -1.155892	     0.049769
	    -0.631070	     0.929893	    -0.759535
	     0.766831	    -1.282844	    -1.761540
	     0.328118	    -0.105350	     0.780532
	     0.127197	    -0.637554	    -0.884735
	    -2.983487	     0.518087	     1.481434
	     0.026429	    -1.114522	     0.624162
	    -0.729561	    -0.423159	     1.238919
	    -0.457553	     0.519035	    -0.126432
	     1.286943	     1.307434	    -0.556209


Iteration                T              T Ave.              P              P Ave.            KE               PE               TE

0                     1.788975         1.788975         5.039173         5.039173         2.683463        -5.297870        -2.614407
2000                  1.260053         0.972273         3.304434         1.849625         1.890079        -5.599625        -3.709545
4000                  0.842247         1.027900         1.491831         2.208569         1.263370        -5.917290        -4.653920
6000                  0.940396         0.970008         1.718760         1.855091         1.410594        -5.833559        -4.422966
8000                  1.256196         1.005757         2.500541         2.027780         1.884294        -5.746639        -3.862345
10000                 0.951128         1.020805         1.718501         2.092118         1.426691        -5.868309        -4.441617
12000                 0.792905         0.996247         1.196699         1.946679         1.189357        -5.901350        -4.711993
14000                 0.952539         0.982265         2.030572         1.872874         1.428808        -5.786659        -4.357851
16000                 1.091278         0.995467         3.266063         1.940881         1.636917        -5.567205        -3.930287
18000                 1.118448         1.011596         2.236057         2.030997         1.677672        -5.755151        -4.077479
20000                 0.925185         1.011092         2.011613         2.035147         1.387777        -5.845526        -4.457749
22000                 0.883190         1.000821         1.029454         1.969775         1.324785        -5.964600        -4.639815
24000                 0.923648         0.990961         1.453110         1.914578         1.385473        -5.911468        -4.525995
26000                 1.059658         0.989608         2.134493         1.913657         1.589486        -5.794834        -4.205347
28000                 1.143481         0.996867         2.709705         1.961997         1.715222        -5.685208        -3.969986
30000                 1.124653         1.006137         2.405083         2.015244         1.686980        -5.706574        -4.019594
32000                 1.007971         1.009536         1.931714         2.035509         1.511956        -5.798007        -4.286050
34000                 0.957380         1.006426         1.267373         2.018338         1.436070        -5.965890        -4.529821
36000                 0.886838         0.999377         1.383351         1.985369         1.330257        -5.939423        -4.609166
38000                 0.906504         0.993945         1.775732         1.954496         1.359755        -5.870648        -4.510892
40000                 0.951037         0.992316         2.530458         1.944168         1.426555        -5.724959        -4.298404
42000                 1.056390         0.995182         2.523656         1.957687         1.584585        -5.679026        -4.094441
44000                 1.106649         1.000312         2.725158         1.988736         1.659973        -5.671502        -4.011529
46000                 1.194274         1.004571         1.727680         2.016288         1.791411        -5.885095        -4.093684
48000                 1.054176         1.006093         1.885393         2.031037         1.581264        -5.850148        -4.268884
50000                 0.957783         1.005078         1.795577         2.024239         1.436675        -5.877870        -4.441194
52000                 0.882319         1.002148         1.476394         2.004123         1.323479        -5.876608        -4.553129
54000                 0.884158         0.998390         1.650450         1.982032         1.326237        -5.882505        -4.556268
56000                 0.903915         0.995563         1.863483         1.965968         1.355873        -5.827966        -4.472093
58000                 1.012312         0.994503         1.791495         1.959523         1.518468        -5.844842        -4.326373
60000                 1.083200         0.995427         2.001864         1.966800         1.624801        -5.791745        -4.166945
62000                 1.167193         0.998330         2.194151         1.982578         1.750790        -5.809874        -4.059085
64000                 1.057789         1.001617         2.811303         2.000462         1.586683        -5.642564        -4.055881
66000                 1.020793         1.003997         2.807776         2.015743         1.531189        -5.681890        -4.150701
68000                 1.039487         1.004832         1.664172         2.021326         1.559231        -5.852807        -4.293576
70000                 0.887309         1.004092         1.929755         2.016551         1.330964        -5.757914        -4.426950
72000                 0.852203         1.002020         1.982898         2.005957         1.278305        -5.788445        -4.510140
74000                 0.888567         0.999551         1.553056         1.992314         1.332851        -5.868574        -4.535723
76000                 0.971317         0.997306         1.147329         1.980681         1.456975        -5.954546        -4.497571
78000                 0.963008         0.995890         1.822479         1.972406         1.444512        -5.837795        -4.393282
80000                 1.038239         0.995669         1.976812         1.972785         1.557359        -5.824528        -4.267170
82000                 1.072747         0.996782         2.379705         1.980562         1.609120        -5.753165        -4.144045
84000                 1.110130         0.998833         2.541708         1.992341         1.665194        -5.735345        -4.070151
86000                 1.128399         1.001173         2.517846         2.005878         1.692599        -5.759032        -4.066433
88000                 1.006899         1.002994         2.847292         2.016850         1.510348        -5.640892        -4.130543
90000                 0.990357         1.003881         2.208873         2.023705         1.485536        -5.725085        -4.239549
92000                 0.891871         1.003799         2.258133         2.023202         1.337807        -5.696706        -4.358899
94000                 0.931468         1.002831         1.861788         2.017630         1.397201        -5.853280        -4.456078
96000                 0.851710         1.001252         1.878534         2.008689         1.277565        -5.792860        -4.515295
98000                 0.918931         0.999501         1.469577         1.998360         1.378396        -5.909118        -4.530722
100000                0.927056         0.997856         1.525667         1.989357         1.390584        -5.885578        -4.494994
2000                  0.943630         0.926265         1.590783         1.599982         1.415445        -5.902033        -4.486588
4000                  0.928974         0.925649         1.645884         1.608243         1.393461        -5.881608        -4.488147
6000                  0.930908         0.926787         1.588551         1.603580         1.396361        -5.882268        -4.485906
8000                  0.887904         0.925912         1.750479         1.607350         1.331856        -5.820750        -4.488894
10000                 0.930200         0.926566         1.577834         1.606904         1.395300        -5.883483        -4.488183
12000                 0.987153         0.927460         1.081543         1.602857         1.480729        -5.973161        -4.492432
14000                 0.950628         0.928124         1.372214         1.597883         1.425942        -5.915136        -4.489194
16000                 0.948079         0.929194         1.549559         1.587169         1.422118        -5.908796        -4.486678
18000                 0.967348         0.928636         1.542997         1.590041         1.451022        -5.933914        -4.482892
20000                 0.918018         0.929051         1.576432         1.588485         1.377027        -5.862171        -4.485145
22000                 0.851036         0.929679         1.994570         1.583133         1.276554        -5.763659        -4.487105
24000                 0.888517         0.929909         1.771485         1.580968         1.332775        -5.822329        -4.489553
26000                 0.970390         0.929038         1.311701         1.587630         1.455585        -5.943278        -4.487693
28000                 0.912677         0.928958         1.654230         1.587064         1.369015        -5.855097        -4.486081
30000                 0.984730         0.929002         1.130188         1.585299         1.477095        -5.970510        -4.493415
32000                 0.936204         0.928465         1.741551         1.590389         1.404306        -5.887239        -4.482933
34000                 0.984795         0.928486         1.151193         1.589920         1.477193        -5.963796        -4.486603
36000                 0.985460         0.928788         1.304009         1.587201         1.478190        -5.968299        -4.490109
38000                 0.905628         0.928741         1.501768         1.588275         1.358442        -5.846928        -4.488486
40000                 0.972302         0.929144         1.233240         1.585891         1.458453        -5.944568        -4.486115
42000                 1.013557         0.929318         0.990299         1.585676         1.520336        -6.007904        -4.487567
44000                 0.920954         0.929508         1.977574         1.584818         1.381431        -5.865179        -4.483747
46000                 0.910292         0.929595         1.615576         1.584696         1.365437        -5.851635        -4.486198
48000                 0.868245         0.929594         1.877652         1.584696         1.302367        -5.789639        -4.487273
50000                 0.921872         0.929761         1.664812         1.583491         1.382808        -5.869637        -4.486829
52000                 0.914898         0.929715         1.722908         1.583082         1.372346        -5.859356        -4.487010
54000                 1.006974         0.929492         1.097308         1.584593         1.510461        -5.998510        -4.488049
