MD simulation of 250 LJ Particles at T*=1.1000 and rho*=0.8500

Input File:         md_example250.input
Output File:        md_example250.output

The random number seed was specified in the input file.
Random Number Seed: -123


    ***Input Parameters***
sim         md
N           250
temp        1.1
rho         0.85
esteps      10000
psteps      20000
rcut        2.5
dt          0.005
output      500
seed        -123
coord       n250t110r085.cor
vel         n250t110r085.vel
rdf         0.8  3.3  100  250

    ***Calculated Parameters***
Box Length:                 6.65028658
Half Box Length:            3.32514329
Energy Tail Correction:    -0.45511814
Pressure Tail Correction:  -0.77264303

    ***INITIAL POSITIONS, XYZ Format***
250
You can copy these coordinates to a file to open in a viewer.
C	     4.360902	     0.560269	     0.192416
C	     3.642199	     5.497188	     2.832678
C	     1.029240	     2.306081	     1.398620
C	     0.437144	     0.955430	     3.991856
C	     1.241732	     0.581446	     0.883116
C	     0.524720	     0.641783	     4.920768
C	     1.028014	     0.968835	     3.181091
C	     1.922216	     5.104165	     4.261906
C	     1.758743	     1.120965	     5.501566
C	     0.899245	     3.809785	     5.405122
C	     3.626534	     0.481482	     0.991643
C	     6.381383	     6.180140	     0.872312
C	     1.768413	     3.230646	     5.865209
C	     6.170860	     2.303198	     5.688042
C	     2.328118	     0.621377	     0.347641
C	     3.779622	     6.298874	     3.519557
C	     5.795916	     4.124575	     4.191285
C	     3.657751	     6.218836	     1.816303
C	     5.019608	     0.504911	     0.915636
C	     4.159708	     1.167501	     2.893472
C	     2.579331	     1.076314	     1.153901
C	     0.792873	     4.718832	     0.495324
C	     6.203861	     5.558474	     5.780460
C	     2.958668	     0.574335	     2.020800
C	     2.013063	     2.384916	     1.789433
C	     2.850515	     2.603944	     4.311759
C	     6.612535	     1.340783	     5.719432
C	     1.182870	     3.770578	     0.470730
C	     3.360914	     2.905638	     0.448622
C	     5.249459	     5.000145	     1.586483
C	     3.020649	     5.156141	     1.741553
C	     1.900516	     1.477890	     2.961711
C	     6.114879	     2.009063	     3.962574
C	     3.303193	     1.596562	     3.522503
C	     2.612312	     4.745224	     3.664253
C	     1.044159	     1.720804	     0.568485
C	     4.615942	     4.266505	     6.057320
C	     3.739275	     4.468251	     5.680189
C	     6.534633	     4.988056	     6.563474
C	     0.347855	     2.361487	     6.599892
C	     2.055079	     4.349668	     0.401388
C	     2.694536	     0.866133	     3.089436
C	     1.970988	     6.252244	     5.565404
C	     3.322463	     5.095367	     4.569553
C	     0.706806	     4.105559	     1.450075
C	     3.294960	     3.290411	     5.189079
C	     0.806528	     4.188266	     2.526058
C	     3.885738	     6.261247	     6.483223
C	     6.401713	     4.458774	     1.710346
C	     1.581007	     4.574679	     5.172059
C	     5.078188	     1.415174	     0.460887
C	     2.697580	     5.887778	     4.743454
C	     3.601995	     4.101819	     3.440581
C	     3.726443	     5.439008	     0.887454
C	     4.250803	     3.856870	     5.005927
C	     6.068123	     1.201873	     3.421577
C	     2.061209	     2.006213	     0.779584
C	     5.812264	     1.854509	     2.393347
C	     0.018140	     3.382237	     3.143880
C	     5.240169	     6.299464	     2.288906
C	     4.269292	     2.508102	     3.624556
C	     1.441904	     5.726114	     1.324528
C	     1.959260	     2.853745	     2.785660
C	     0.197888	     3.082329	     5.528248
C	     5.227424	     5.334759	     5.898338
C	     0.749324	     1.507970	     2.218774
C	     1.535687	     3.351154	     1.521544
C	     6.643218	     2.105978	     3.041891
C	     4.874709	     6.287410	     0.080275
C	     5.708196	     2.781323	     1.500284
C	     2.164381	     6.486981	     1.133464
C	     6.228554	     0.606506	     0.944083
C	     4.643198	     1.374082	     1.992369
C	     3.046469	     6.633599	     2.921291
C	     6.580085	     1.650562	     4.723609
C	     2.459889	     5.557860	     1.140244
C	     4.083608	     4.202795	     0.275853
C	     3.286969	     0.656689	     6.644198
C	     0.750945	     5.223890	     2.514199
C	     2.175268	     2.310047	     5.400077
C	     3.125346	     5.616773	     3.665482
C	     0.828895	     4.170149	     4.458163
C	     0.101557	     4.106347	     6.046810
C	     4.243675	     2.202211	     6.574105
C	     1.608432	     6.101481	     4.054498
C	     1.898363	     1.423600	     6.596271
C	     4.993049	     4.874067	     0.553351
C	     2.670730	     3.538529	     3.171505
C	     3.346978	     1.907359	     5.271092
C	     2.244415	     3.335041	     0.123848
C	     4.794513	     0.197907	     3.956461
C	     4.800137	     2.270893	     2.709994
C	     4.592358	     3.569253	     0.992041
C	     0.988935	     6.364881	     4.831277
C	     4.659799	     1.698001	     5.089867
C	     0.522747	     2.288162	     3.969091
C	     3.803629	     3.654531	     1.768231
C	     6.472805	     3.977339	     5.001607
C	     1.619753	     2.775175	     3.887526
C	     6.288979	     6.227971	     4.976125
C	     5.648658	     4.409746	     5.554546
C	     5.474630	     3.874663	     1.538949
C	     1.182229	     2.974642	     4.959749
C	     5.313550	     0.552054	     1.842898
C	     5.628135	     0.611396	     0.033430
C	     6.373822	     3.564548	     2.007164
C	     2.195037	     5.519777	     3.281882
C	     1.301322	     0.441452	     4.213151
C	     4.413389	     6.447879	     5.545490
C	     0.450627	     1.229901	     1.212853
C	     5.472827	     6.435286	     5.877576
C	     6.610653	     1.197538	     0.154743
C	     1.978624	     0.090718	     3.007114
C	     6.228509	     5.077864	     0.938146
C	     5.098581	     2.261653	     4.235378
C	     5.904852	     6.635646	     3.818295
C	     6.328958	     6.494708	     6.567705
C	     2.345108	     5.253761	     5.615473
C	     5.052908	     2.369869	     5.822517
C	     0.992452	     6.485256	     3.311297
C	     2.216202	     3.335189	     4.764767
C	     1.437733	     4.776328	     3.302746
C	     5.934143	     3.046555	     3.701635
C	     3.595615	     0.634582	     3.652293
C	     5.403306	     5.080431	     3.832049
C	     0.382809	     5.291068	     1.454120
C	     4.111177	     1.255261	     6.133394
C	     0.027251	     3.098668	     4.309240
C	     1.779190	     6.333403	     0.046072
C	     1.494328	     4.326308	     6.166584
C	     5.533019	     5.341660	     4.874388
C	     2.092759	     4.623865	     1.367505
C	     5.139113	     3.415857	     4.792047
C	     4.593937	     3.977491	     3.943556
C	     4.873400	     3.056627	     6.619012
C	     5.773155	     1.626249	     1.266611
C	     2.715613	     3.948616	     1.638381
C	     2.311622	     1.911751	     3.745701
C	     6.567895	     0.865247	     2.320912
C	     4.478041	     0.707530	     4.710093
C	     1.863692	     4.008423	     4.002611
C	     3.689052	     2.228555	     2.462290
C	     3.310411	     3.632069	     6.355318
C	     0.101268	     0.378716	     3.253010
C	     1.356720	     2.779231	     0.434326
C	     2.078056	     0.367647	     4.867762
C	     6.618217	     3.951993	     0.619116
C	     2.648778	     1.468065	     5.851457
C	     4.900131	     4.588097	     4.652382
C	     4.196375	     1.302022	     0.881742
C	     5.811683	     2.669214	     4.743115
C	     3.747762	     3.266646	     4.054361
C	     5.752720	     1.406227	     5.222418
C	     4.724895	     3.283225	     2.114218
C	     3.548454	     0.687420	     5.547085
C	     4.866988	     4.324338	     2.279319
C	     4.497963	     0.209145	     2.935259
C	     4.113132	     4.505537	     1.282765
C	     6.081878	     5.617538	     1.938562
C	     0.598829	     0.201163	     0.090387
C	     6.151309	     5.820369	     3.007976
C	     5.532567	     3.295274	     5.797848
C	     2.899533	     2.585964	     2.996602
C	     4.700784	     5.884415	     3.437646
C	     5.801689	     1.789822	     6.573930
C	     6.187561	     3.193344	     6.546830
C	     0.987424	     2.293612	     2.938973
C	     2.528391	     0.436753	     5.919804
C	     2.423192	     2.347998	     6.516448
C	     4.566323	     5.882437	     4.691696
C	     5.750670	     4.330579	     0.122614
C	     4.151181	     5.307644	     6.393021
C	     1.821385	     4.964761	     2.404006
C	     3.590756	     1.295200	     1.739954
C	     3.670334	     6.517333	     4.737076
C	     2.513524	     1.577353	     4.754791
C	     6.278154	     5.627534	     4.041707
C	     1.292069	     1.599449	     4.157214
C	     6.110056	     0.820582	     4.474079
C	     0.882047	     0.381691	     2.317344
C	     2.926908	     2.994450	     2.104894
C	     0.843373	     1.913667	     5.267270
C	     5.437130	     0.271626	     5.033889
C	     3.094601	     0.790927	     4.488398
C	     0.564699	     5.709628	     0.480319
C	     4.924798	     2.362511	     0.741395
C	     0.628272	     6.455387	     1.358007
C	     4.151515	     3.186636	     5.831378
C	     0.938369	     5.408288	     4.400564
C	     6.276752	     6.622951	     1.842389
C	     1.600485	     5.347011	     6.561590
C	     0.388762	     3.092438	     1.100540
C	     2.977235	     4.586421	     0.736588
C	     1.329992	     6.042911	     2.507834
C	     4.164017	     2.540175	     1.510321
C	     0.146656	     4.620958	     4.046898
C	     0.993334	     0.419153	     5.715085
C	     4.918949	     0.721193	     5.926686
C	     6.397580	     0.337598	     5.675037
C	     5.191669	     6.067260	     1.317640
C	     5.727436	     2.802902	     2.681730
C	     2.554792	     4.477770	     4.847190
C	     3.805409	     4.565661	     2.294700
C	     0.085526	     5.044594	     4.954939
C	     4.289839	     6.344921	     0.959989
C	     3.365560	     2.385601	     6.092071
C	     1.074037	     5.322501	     5.629612
C	     0.411081	     6.124833	     5.779301
C	     0.933251	     3.163304	     2.293230
C	     3.878773	     3.149813	     2.825817
C	     4.282897	     2.622421	     4.691072
C	     0.877690	     3.244534	     6.270089
C	     6.308009	     4.727689	     3.067691
C	     0.526934	     5.595819	     3.516207
C	     5.213946	     5.268767	     2.596687
C	     2.923314	     6.274098	     6.268111
C	     4.241822	     5.151291	     4.079849
C	     2.747038	     4.501916	     2.639361
C	     5.687721	     5.615087	     0.213176
C	     0.247131	     6.551449	     4.144879
C	     1.988824	     0.688863	     2.190883
C	     3.583970	     5.793922	     5.561050
C	     2.130371	     0.964014	     4.086760
C	     3.119873	     6.207628	     0.641228
C	     2.766127	     6.593018	     3.878291
C	     1.616730	     1.477419	     1.523204
C	     5.765687	     0.389951	     2.814224
C	     6.336752	     2.247434	     0.763599
C	     3.462328	     4.166629	     4.529186
C	     0.312895	     6.212270	     2.546421
C	     3.136215	     2.168982	     1.358521
C	     2.050901	     3.840731	     2.447131
C	     3.379800	     1.665456	     0.360953
C	     0.025456	     2.233929	     1.882917
C	     4.934449	     3.154727	     3.412559
C	     0.833605	     1.292162	     6.253672
C	     1.336347	     2.316503	     6.178599
C	     2.700113	     4.788157	     6.446746
C	     2.449531	     3.987641	     5.698547
C	     5.056785	     1.053550	     3.164643
C	     4.387955	     0.259519	     1.924480
C	     0.937957	     3.654141	     3.610574
C	     2.715313	     1.612036	     2.151065
C	     5.265261	     1.233174	     4.288157
C	     4.276527	     1.498303	     3.991526
C	     4.382822	     5.514235	     1.897648
C	     2.500821	     2.978281	     1.114324
C	     4.556745	     4.667425	     3.253125
C	     5.415055	     4.088699	     3.194871
C	     2.481936	     6.004004	     2.021638

         ***INITIAL VELOCITIES***
	    -0.716171	    -0.763855	     1.431451
	    -0.175617	    -0.451029	     2.961800
	    -0.091930	    -1.132749	     1.153160
	    -0.658459	    -1.303113	     0.783696
	    -0.234072	    -0.732270	    -1.370662
	    -1.547010	    -0.475877	     1.319152
	    -1.724516	     0.393728	    -0.201730
	     0.396900	     0.418822	     1.004911
	     1.075432	     0.564538	     0.924056
	    -0.512253	    -1.276041	     0.160291
	     0.853449	    -1.089762	     0.051776
	    -0.637615	     1.679636	     0.103402
	     1.474250	    -0.580982	     1.969006
	    -0.212013	     1.112529	    -0.284020
	    -2.228187	    -2.481995	    -0.649450
	     0.732877	     0.935230	    -1.545149
	     1.622444	     0.889768	    -1.489360
	    -0.676032	    -1.132088	     1.384279
	    -0.238406	     1.172160	    -1.407276
	    -1.710726	    -0.185693	    -1.088401
	     0.005478	     1.817616	    -0.363566
	     0.146632	    -0.691687	     0.744706
	    -0.607520	     0.982065	    -1.391146
	    -0.301995	    -0.049684	    -1.222867
	     0.593845	     0.933618	    -1.009001
	    -0.079118	    -1.566373	    -0.295301
	    -1.755830	     0.920302	     0.466654
	     0.409502	     0.264891	     1.555813
	     0.068370	    -0.388205	    -1.037315
	     1.015957	     0.270965	     0.374784
	    -0.156258	    -0.047752	     0.356470
	     0.865386	    -0.503806	    -0.252461
	     1.001074	     0.484564	     0.500241
	     0.915748	    -1.624714	     1.141783
	    -0.541648	     0.899506	     0.430483
	    -1.117671	     0.716049	    -0.575883
	     2.808678	     1.503956	     0.471838
	    -0.497372	    -0.659400	     1.092904
	    -1.879847	     1.320067	    -1.978147
	    -1.405671	    -1.152118	    -0.728939
	    -1.415929	     1.325837	    -0.570084
	    -0.179278	     0.348625	    -0.407095
	     2.326792	    -0.227077	    -1.382370
	     3.078559	    -0.692917	    -0.320116
	     0.872912	     0.794350	     0.166416
	     0.938104	    -1.059284	     0.217966
	    -0.626588	    -0.718590	    -0.139541
	    -0.999387	    -0.569655	    -1.097977
	    -1.616155	     0.716168	     0.992430
	     1.229379	     2.125330	     1.056484
	    -0.577039	    -0.281348	    -0.573566
	     0.378537	    -0.051191	     0.332769
	     1.858126	    -0.482870	     1.861711
	    -2.470727	    -1.081115	     1.539554
	    -0.367767	     0.231313	    -0.567192
	     1.030188	    -0.530842	     0.249513
	    -1.195862	    -1.138310	     0.209539
	     0.291033	     1.223573	     0.227394
	    -0.295851	    -0.469930	    -0.186463
	     0.430248	     0.281435	    -0.843823
	    -0.571281	    -0.875442	     0.946651
	    -0.964665	    -1.040974	     0.487630
	     0.817287	     0.599368	     1.431250
	     1.375800	     0.448535	    -0.447217
	     0.823005	    -0.238132	     2.056673
	     0.274587	    -0.127230	     0.019164
	     0.309911	     0.264683	    -1.156010
	     0.544548	     0.489311	    -0.655205
	    -1.109163	     0.879869	    -1.652557
	     0.384076	     0.025200	     0.593179
	     0.172112	     0.355711	    -0.002695
	    -1.029222	     0.440726	     0.517425
	     1.104626	     1.742997	    -1.442175
	     1.670328	    -0.205901	     0.243064
	     0.203782	    -1.431143	    -2.272705
	    -0.692671	    -1.878412	    -1.075962
	    -0.159931	     0.044413	     1.138299
	     0.256601	    -0.606780	    -1.123097
	     0.228229	    -1.371714	     1.892674
	    -1.615979	     1.282546	    -1.859000
	     0.759522	    -1.246561	    -1.960497
	    -0.397191	    -0.003810	     0.847846
	     2.514319	    -0.690279	    -0.505633
	    -1.672525	    -0.051643	     1.128937
	    -0.156040	    -0.087566	    -1.571507
	     0.233745	    -0.712595	    -0.548027
	    -0.343531	    -0.544280	     0.688470
	    -0.971484	    -0.230581	     0.627640
	     0.460508	     0.819277	    -0.030032
	     1.891288	    -0.658933	     0.531953
	     0.260723	    -0.423729	     0.338684
	     1.106532	    -1.458744	     0.791594
	     1.041060	     0.330399	    -1.606441
	    -0.908502	    -0.006037	     1.446163
	    -1.628451	     0.579195	    -0.910833
	    -0.003226	    -1.270024	     1.525220
	    -0.236991	     0.933238	    -0.135838
	    -1.495390	    -1.386180	    -1.044141
	    -0.483792	    -0.382166	     0.103071
	     0.707646	    -0.218945	     0.800651
	     0.659653	     0.024386	     0.238673
	    -1.933747	    -0.028463	     0.158348
	    -0.070170	     0.602934	     0.066714
	    -1.351632	     0.060760	     0.097456
	    -1.335442	    -0.258233	    -0.072644
	     2.540865	     0.356980	    -0.485839
	     2.550696	    -0.025446	     1.018501
	    -1.069849	     0.823577	    -0.365412
	     0.336623	    -1.059891	     0.263195
	     0.621168	    -0.248567	     0.315387
	    -0.483087	     1.290652	     1.620649
	    -2.144114	    -0.515222	     2.366522
	    -1.616375	    -1.082212	    -0.313745
	    -0.491761	     0.710179	     0.336132
	    -0.406775	    -1.526525	    -0.915824
	    -0.110084	     1.324280	    -0.180922
	     0.407956	    -0.299626	     0.344137
	    -2.859963	    -0.269106	     1.327426
	     1.354158	    -1.532716	     0.466362
	    -1.245204	    -1.086732	    -0.744469
	     0.412641	     1.595789	     0.955076
	     0.070486	     0.373075	     1.148963
	     0.563959	    -0.151795	    -0.708522
	    -0.136663	     0.910876	    -1.332148
	    -0.417982	    -0.767054	    -0.132190
	    -1.732550	    -0.010374	     1.747411
	     0.385266	    -0.125808	    -1.629225
	    -2.353501	     0.384118	    -0.289242
	    -0.542896	     1.034294	    -0.758793
	     0.075615	    -1.001697	    -1.750435
	     0.616086	    -0.784821	    -0.071222
	    -0.126176	     0.386639	     1.365172
	    -0.607468	     0.519995	    -0.272996
	     1.041733	     0.042896	    -0.152140
	     1.370038	     1.269675	     0.822871
	     1.207956	     0.332857	    -0.072777
	    -1.577801	    -1.083665	     0.771619
	    -0.762209	     0.985980	    -0.003652
	    -0.153995	    -0.749030	    -1.117386
	    -0.904451	     0.260529	    -1.996549
	     0.173738	    -0.080131	    -0.073684
	     1.171969	     0.301329	    -1.036198
	     0.778294	    -1.639283	     0.715438
	    -0.127550	    -1.312065	    -0.290635
	     1.276269	    -0.670064	     0.799223
	    -0.344639	     1.968980	     1.028877
	     1.503468	    -0.133174	     0.144879
	     0.504090	     1.561351	    -1.477405
	     0.423038	    -0.825773	     1.766618
	     0.141718	     0.851085	     0.381461
	    -0.027564	     0.477380	     0.324850
	     0.960038	    -1.528314	    -1.525661
	    -0.332343	    -0.702973	     0.173661
	     2.219369	    -0.556794	     0.542623
	    -0.283668	    -0.366455	    -1.372985
	     0.836964	    -1.506632	    -0.436159
	     0.494578	    -1.450743	    -0.830563
	     0.478471	     2.492681	    -1.862226
	     0.991191	     1.124230	     0.453679
	    -3.242394	     1.432717	    -0.950658
	    -0.867825	    -0.382795	    -0.078866
	    -0.127444	     0.645855	     0.134763
	     0.576211	     1.111527	    -0.343049
	     0.438845	    -0.278284	    -1.146931
	    -0.698711	    -0.342383	    -1.844446
	     0.064253	    -0.511032	    -0.338192
	     2.113322	     1.761748	    -0.684592
	     0.479699	     1.348617	     0.475780
	     0.424939	     1.725517	    -0.653514
	    -0.295979	    -1.528689	     0.052019
	     0.432248	    -0.525376	    -1.439310
	    -0.912552	     0.660628	     0.103702
	    -0.263319	     0.332906	     0.414639
	    -0.937584	     0.344862	    -0.283993
	     0.996663	    -1.678417	    -0.161995
	     1.650398	     0.416933	     0.759192
	     1.136878	    -1.343464	     0.639063
	    -0.200688	     0.036560	     0.230676
	    -0.636343	    -1.735033	     0.407221
	    -0.159344	    -0.026283	    -0.005041
	    -0.300905	    -0.784354	    -0.861132
	    -0.922504	     1.029949	    -1.602398
	     0.628857	    -0.690518	     1.954065
	     1.238359	     0.210714	    -0.953061
	     0.126022	    -1.254305	    -1.059109
	     0.975742	     0.853790	     0.414369
	     0.215967	     0.126899	    -1.558921
	     0.495003	    -0.812149	    -0.041902
	    -1.849091	     2.547123	     0.302939
	    -1.683028	    -0.192215	     1.367716
	     0.298591	     1.007725	    -1.062543
	     1.600288	     0.086493	    -1.337563
	     1.303087	     0.152170	     0.650284
	     0.375031	    -0.226464	     2.092876
	     0.177405	    -2.006185	     0.517395
	    -0.207234	     1.333982	    -1.815576
	     0.581329	    -1.899166	    -0.317317
	    -1.856475	     0.776418	     0.709449
	    -0.466215	    -2.377630	     0.072132
	     0.246747	    -1.059553	     0.281697
	    -2.065468	     2.171376	    -1.613423
	     0.364954	     0.203854	    -0.167052
	     1.991045	    -0.449677	    -1.956154
	    -1.127373	     1.303785	     0.529391
	    -0.782411	     0.636721	     0.635423
	    -0.128067	    -0.405342	    -1.548437
	    -0.275655	    -0.404560	     0.540506
	     0.369608	     0.085338	     0.244615
	     0.753892	     0.220889	     0.198895
	     0.756755	    -0.191955	    -0.072201
	    -0.784452	     1.912986	    -0.352254
	     0.136293	    -1.480245	    -0.875720
	     0.100364	     0.196951	    -1.216250
	    -0.395445	    -1.115362	    -1.649520
	    -0.777746	    -0.828791	     0.233727
	     1.573995	     0.268473	     0.939708
	    -0.661683	     0.641985	     0.530916
	    -0.459353	     1.395825	    -0.013484
	     1.100485	     1.543711	     0.945383
	    -0.394711	    -0.727133	    -1.794923
	    -2.901411	     0.257642	     0.547581
	     1.130591	     1.057760	     0.299987
	    -0.829262	     0.927085	     0.997883
	     0.460425	    -0.541353	     0.896981
	    -0.911744	     0.482821	     0.371227
	     0.843861	     0.340495	     0.873649
	    -0.863216	     0.602212	     0.736563
	     2.210571	     0.057326	     0.773543
	    -1.001437	    -1.049440	    -0.836408
	    -0.994689	    -1.573261	    -0.151547
	    -0.009012	     0.130677	    -0.465162
	    -1.032022	     0.447341	     1.820703
	     0.412162	    -0.095479	    -0.672539
	     0.100872	     0.824921	     0.026344
	     1.727274	     1.821412	    -0.171307
	    -1.627050	    -0.287316	     0.359417
	     0.960833	    -0.290833	     0.984495
	    -0.598210	     1.030495	     0.038490
	    -0.420937	     1.035406	     0.710094
	     1.306994	    -0.684608	     0.791773
	     0.410734	     1.915078	    -0.380319
	     0.082819	    -0.594841	     0.376357
	     1.036710	     0.308940	    -0.365653
	    -0.186986	     1.548276	     0.600451
	    -0.007885	    -0.547346	     0.744008
	    -0.762549	    -1.433366	     1.436101
	    -0.371360	    -0.046666	    -0.620501
	    -0.962408	     1.354707	     2.222028
	     1.975948	     0.081359	     0.091074
	     0.289092	     0.142785	    -0.518798


Iteration                T              T Ave.              P              P Ave.            KE               PE               TE

0                     1.035377         1.035377         2.503493         2.503493         1.553066        -5.719711        -4.166645
500                   1.073776         1.097549         2.418385         2.325824         1.610664        -5.741302        -4.130638
1000                  1.164940         1.102990         2.139442         2.464108         1.747411        -5.809103        -4.061692
1500                  1.099062         1.099156         2.313816         2.422991         1.648593        -5.765827        -4.117234
2000                  1.117700         1.100539         2.439641         2.423882         1.676551        -5.761904        -4.085353
2500                  1.148843         1.099024         2.127000         2.420768         1.723265        -5.791930        -4.068665
3000                  1.105259         1.100613         2.482742         2.434227         1.657888        -5.732088        -4.074200
3500                  1.120318         1.099360         2.379552         2.446488         1.680477        -5.770721        -4.090244
4000                  1.171195         1.100059         2.157669         2.453652         1.756792        -5.805812        -4.049020
4500                  1.065913         1.100450         2.528095         2.452455         1.598869        -5.711410        -4.112540
5000                  1.067470         1.099191         2.582842         2.440749         1.601205        -5.712654        -4.111449
5500                  1.108676         1.099245         2.732635         2.450889         1.663014        -5.687656        -4.024642
6000                  1.141982         1.100878         2.286915         2.461680         1.712973        -5.757085        -4.044112
6500                  1.061854         1.100715         2.551388         2.460220         1.592781        -5.705225        -4.112444
7000                  1.067754         1.099368         2.488776         2.455295         1.601631        -5.715332        -4.113701
7500                  1.153116         1.099255         2.216326         2.451591         1.729674        -5.795416        -4.065741
8000                  1.133734         1.099896         2.598136         2.459342         1.700600        -5.726893        -4.026292
8500                  1.020174         1.100644         3.074679         2.468634         1.530261        -5.580589        -4.050328
9000                  1.133712         1.100704         2.087897         2.469395         1.700568        -5.792361        -4.091793
9500                  1.043781         1.099950         2.583561         2.465810         1.565671        -5.680024        -4.114353
10000                 1.061597         1.098886         2.802999         2.467367         1.592395        -5.652004        -4.059609
500                   1.110517         1.101660         2.381827         2.554372         1.665776        -5.725880        -4.060104
1000                  1.116277         1.109210         2.397536         2.505510         1.674415        -5.733961        -4.059546
1500                  1.072957         1.106399         2.764070         2.517978         1.609436        -5.667855        -4.058419
2000                  1.181672         1.105115         2.064194         2.524191         1.772508        -5.832849        -4.060342
2500                  1.057687         1.105161         2.750184         2.522843         1.586530        -5.644238        -4.057708
3000                  1.080861         1.103337         2.680145         2.537496         1.621292        -5.679346        -4.058054
3500                  1.113113         1.104981         2.590488         2.528036         1.669670        -5.729526        -4.059856
4000                  1.116071         1.103455         2.381489         2.536164         1.674106        -5.734607        -4.060501
4500                  1.080295         1.102623         2.520769         2.542152         1.620442        -5.679561        -4.059119
5000                  1.047059         1.102394         2.939815         2.541280         1.570589        -5.630332        -4.059743
5500                  1.098078         1.103053         2.580976         2.536403         1.647117        -5.705560        -4.058443
6000                  1.082885         1.102570         2.668828         2.540107         1.624328        -5.685372        -4.061044
6500                  1.111729         1.102934         2.585602         2.538777         1.667594        -5.724662        -4.057068
7000                  1.082634         1.101772         2.673456         2.546566         1.623951        -5.683062        -4.059111
7500                  1.103213         1.102917         2.533280         2.540317         1.654819        -5.714767        -4.059948
8000                  1.122325         1.102842         2.349763         2.542539         1.683487        -5.746249        -4.062762
8500                  1.130091         1.102981         2.373256         2.540013         1.695136        -5.759324        -4.064188
9000                  1.101078         1.102879         2.515810         2.541880         1.651617        -5.711646        -4.060029
9500                  1.127219         1.102468         2.443110         2.545497         1.690828        -5.753033        -4.062205
10000                 1.079858         1.102862         2.700578         2.543014         1.619786        -5.679811        -4.060024
10500                 1.142891         1.102664         2.142527         2.544616         1.714336        -5.775441        -4.061105
11000                 1.157293         1.102437         2.103075         2.545444         1.735939        -5.796208        -4.060269
11500                 1.124126         1.102912         2.398009         2.540247         1.686189        -5.745289        -4.059100
12000                 1.036522         1.102894         2.972991         2.540051         1.554783        -5.616042        -4.061259
12500                 1.120216         1.103002         2.388971         2.540309         1.680323        -5.742511        -4.062187
13000                 1.117053         1.103034         2.464097         2.539995         1.675579        -5.734698        -4.059119
13500                 1.097074         1.102985         2.490191         2.541268         1.645612        -5.705859        -4.060248
14000                 1.133373         1.102914         2.427249         2.542091         1.700059        -5.759258        -4.059199
14500                 1.160862         1.103143         2.198735         2.538299         1.741293        -5.800426        -4.059133
15000                 1.125944         1.103062         2.238811         2.537575         1.688915        -5.751563        -4.062647
15500                 1.149578         1.103513         2.203064         2.533510         1.724368        -5.782671        -4.058304
16000                 1.132087         1.103488         2.273790         2.534346         1.698131        -5.758053        -4.059922
16500                 1.143930         1.103956         2.364474         2.531041         1.715895        -5.774159        -4.058264
17000                 1.126140         1.104134         2.420635         2.530540         1.689210        -5.748934        -4.059724
17500                 1.031651         1.104173         2.980806         2.530686         1.547477        -5.608504        -4.061027
18000                 1.113281         1.104080         2.583824         2.531127         1.669922        -5.725728        -4.055806
18500                 1.110357         1.103938         2.608856         2.531520         1.665536        -5.724740        -4.059204
19000                 1.109662         1.104176         2.540754         2.529716         1.664493        -5.724762        -4.060269
19500                 1.116019         1.104370         2.533502         2.527853         1.674028        -5.732958        -4.058930
20000                 1.095520         1.104032         2.491682         2.530098         1.643280        -5.705139        -4.061858

    ***FINAL POSITIONS, XYZ Format***
250
You can copy these coordinates to a file to open in a viewer.
C	     3.877784	     0.433302	     0.818207
C	     2.450568	     0.403128	     0.939618
C	     4.410293	     0.963548	     3.747067
C	     4.969943	     5.609261	     6.091571
C	     4.520447	     4.336085	     4.527495
C	     1.687553	     2.920783	     1.684941
C	     2.475453	     5.862508	     6.481666
C	     0.745633	     1.083287	     0.739086
C	     6.093279	     1.660542	     0.519216
C	     5.455744	     5.868827	     1.091800
C	     0.543186	     2.671132	     2.227675
C	     1.187445	     1.730264	     2.049019
C	     2.368809	     1.100984	     3.505801
C	     4.768666	     0.074053	     3.172924
C	     6.356947	     6.023363	     2.149584
C	     6.349174	     0.577161	     5.558624
C	     1.057049	     5.951501	     3.412010
C	     3.841913	     0.656538	     2.796006
C	     4.559097	     6.582961	     5.358189
C	     3.521399	     1.234747	     5.256989
C	     4.368383	     4.273855	     3.508062
C	     2.259351	     1.148177	     0.203905
C	     2.970578	     0.204463	     2.444453
C	     1.382593	     0.652157	     3.498630
C	     6.334839	     1.399735	     3.721914
C	     5.239560	     2.367496	     2.030281
C	     3.754214	     6.050379	     2.317195
C	     5.303978	     4.707496	     3.828044
C	     6.120710	     4.337432	     3.168262
C	     4.215603	     3.832513	     0.658149
C	     2.352626	     0.935427	     5.503110
C	     1.399870	     6.003382	     2.445202
C	     3.103703	     3.504459	     3.623884
C	     2.337114	     4.207165	     4.303275
C	     2.589137	     2.153677	     3.384195
C	     1.065294	     4.756921	     6.114682
C	     1.057160	     2.687475	     4.460503
C	     1.281000	     3.927042	     5.602272
C	     3.339463	     4.917904	     2.188222
C	     1.191491	     1.695008	     5.077584
C	     1.701592	     0.986751	     4.544911
C	     5.450442	     4.269426	     5.287816
C	     6.450472	     1.950317	     4.692298
C	     2.063420	     2.166128	     0.193280
C	     4.598527	     4.640921	     6.587491
C	     0.286848	     2.298116	     3.586349
C	     0.508098	     2.630170	     5.455516
C	     2.865268	     5.116998	     5.862941
C	     2.709757	     1.151129	     4.524545
C	     3.374983	     4.058851	     2.850099
C	     1.929883	     2.179542	     4.734904
C	     1.457218	     5.606101	     4.565540
C	     3.874625	     5.714246	     5.735115
C	     5.364362	     1.051890	     0.183518
C	     2.128823	     5.054022	     0.143583
C	     5.753950	     2.986879	     0.423279
C	     5.744186	     5.312526	     3.116905
C	     5.745467	     5.189172	     1.868449
C	     5.151143	     5.922427	     2.561675
C	     3.152869	     2.149098	     4.246880
C	     2.588669	     2.707968	     6.146042
C	     5.066621	     3.170477	     1.176330
C	     0.277214	     4.244615	     2.511698
C	     0.234300	     4.544194	     6.545666
C	     4.212834	     4.299559	     1.894537
C	     2.307942	     3.953200	     5.375877
C	     1.064350	     0.206016	     0.210895
C	     3.697189	     4.271502	     5.495871
C	     0.293282	     6.575264	     5.935179
C	     3.655621	     2.809085	     2.986743
C	     3.401242	     3.901547	     1.218232
C	     4.770216	     0.035583	     4.286227
C	     3.364747	     4.027722	     4.536448
C	     6.224467	     6.116240	     3.692318
C	     1.080371	     0.607790	     5.652806
C	     0.879437	     4.940203	     5.155586
C	     1.710906	     3.030477	     5.317731
C	     4.504103	     0.881926	     4.878076
C	     5.978726	     1.315339	     2.851896
C	     0.222590	     5.120107	     2.012563
C	     0.729629	     1.166273	     4.007571
C	     3.824046	     2.614851	     5.315415
C	     3.960776	     6.130219	     1.029509
C	     5.226992	     1.564859	     3.959322
C	     0.870086	     3.368604	     2.810717
C	     1.520911	     2.539897	     2.713261
C	     1.284154	     2.204747	     0.949838
C	     5.603848	     6.509929	     6.331167
C	     4.903642	     4.770157	     0.938139
C	     3.905716	     6.037668	     4.485240
C	     0.346373	     3.556108	     6.120426
C	     3.529269	     0.320706	     5.661902
C	     4.680958	     1.375736	     1.481149
C	     5.319580	     3.204668	     3.039590
C	     4.922650	     3.404408	     6.549905
C	     5.709596	     3.588582	     6.059661
C	     6.039295	     4.282817	     1.410637
C	     5.926982	     5.274742	     4.355895
C	     4.380852	     1.616096	     5.853160
C	     3.941316	     1.670769	     2.484905
C	     5.913096	     5.761458	     5.562979
C	     2.437592	     4.279868	     3.060961
C	     2.434530	     5.272464	     4.808175
C	     1.418636	     5.898794	     0.126073
C	     4.829924	     5.655736	     4.774173
C	     4.024953	     2.048412	     3.491190
C	     0.092366	     3.284032	     4.032113
C	     1.185362	     0.470071	     2.561730
C	     2.888629	     2.121346	     5.266747
C	     0.231642	     0.725844	     2.975093
C	     3.138161	     3.449232	     5.606702
C	     0.279284	     5.220434	     3.044771
C	     4.353747	     3.599897	     2.694161
C	     5.558115	     0.568597	     3.671373
C	     0.389941	     5.500989	     4.190670
C	     1.295779	     1.612257	     6.132943
C	     4.583188	     6.575114	     6.398440
C	     3.995558	     3.407776	     6.176322
C	     1.573013	     1.891901	     3.688995
C	     0.275558	     5.585287	     6.134363
C	     3.325612	     0.053492	     3.514726
C	     0.335194	     1.295275	     5.873528
C	     5.104548	     4.655148	     2.693631
C	     1.409523	     4.020658	     1.108285
C	     1.141473	     6.606577	     4.270690
C	     2.736905	     3.078575	     4.651186
C	     2.889987	     1.259949	     2.684982
C	     4.391723	     1.415353	     0.417915
C	     3.912699	     0.840332	     6.364883
C	     4.867373	     2.523794	     4.463337
C	     3.156339	     4.168367	     6.348381
C	     2.541650	     6.023386	     1.885399
C	     3.417621	     1.118945	     3.667361
C	     2.003869	     3.186645	     3.792538
C	     5.214734	     3.721845	     2.055149
C	     3.278518	     4.716802	     3.657987
C	     1.165388	     3.977905	     0.071076
C	     5.995070	     1.618173	     5.976821
C	     2.287981	     6.278847	     3.025800
C	     1.243512	     4.781269	     1.931480
C	     4.183870	     1.804038	     4.603441
C	     3.082569	     2.122723	     0.481442
C	     6.072516	     2.450282	     1.564358
C	     2.378042	     3.149004	     2.739270
C	     5.198904	     3.565335	     4.172318
C	     3.845413	     3.081846	     4.407534
C	     2.948917	     2.186405	     2.280911
C	     5.793397	     2.790916	     4.919742
C	     2.786797	     3.031339	     1.730269
C	     3.013296	     1.387576	     6.197367
C	     5.199458	     2.158056	     6.579544
C	     3.730520	     0.385231	     4.431833
C	     3.481528	     5.175317	     4.851089
C	     4.629896	     4.910154	     5.445255
C	     2.298717	     5.250107	     2.630324
C	     2.743901	     0.308456	     6.451693
C	     4.672955	     0.178878	     2.055704
C	     1.696513	     1.292033	     1.049953
C	     1.256513	     2.784167	     6.442572
C	     3.365996	     5.337578	     0.102514
C	     4.879057	     2.653616	     5.754441
C	     6.041157	     6.622359	     0.606123
C	     4.178815	     2.725533	     2.021916
C	     2.097050	     6.045608	     0.837876
C	     4.490456	     3.244454	     3.560279
C	     5.752302	     0.897049	     4.842282
C	     4.660309	     3.505572	     5.350767
C	     6.004960	     2.617554	     6.031454
C	     6.088315	     4.806375	     0.585831
C	     0.301560	     6.451400	     1.286397
C	     6.326698	     0.680419	     6.603647
C	     3.216266	     5.561241	     2.994252
C	     5.520911	     3.995479	     0.558348
C	     4.959890	     0.172999	     0.847562
C	     2.996769	     5.795713	     3.991022
C	     1.992607	     6.600287	     4.972294
C	     1.070916	     4.950490	     0.441965
C	     0.638157	     3.572171	     1.765218
C	     6.568497	     1.506646	     1.659300
C	     3.878108	     4.783653	     1.017625
C	     0.133764	     6.283684	     4.898259
C	     4.821043	     1.200773	     2.965264
C	     2.706263	     1.227648	     1.616852
C	     5.381068	     1.091194	     2.040975
C	     6.208923	     3.466779	     1.939676
C	     3.602463	     6.327502	     6.621986
C	     1.421530	     4.053510	     3.243468
C	     6.591185	     3.738471	     5.052527
C	     0.017753	     3.734870	     0.652763
C	     4.287327	     5.166318	     4.056287
C	     6.364081	     3.295601	     3.023279
C	     0.794333	     3.816962	     4.607799
C	     3.272666	     0.045452	     1.501499
C	     5.582330	     6.633308	     1.729450
C	     4.134551	     5.253948	     2.786064
C	     0.364191	     2.469884	     1.071869
C	     2.025152	     0.516737	     2.031434
C	     6.101233	     4.346785	     4.379956
C	     1.987154	     5.174323	     1.348033
C	     5.383687	     1.913146	     5.020911
C	     4.071163	     6.029272	     3.436231
C	     1.151036	     5.756127	     1.282905
C	     1.351886	     5.050849	     2.955930
C	     4.804745	     5.857817	     0.350782
C	     2.019022	     5.283345	     3.657706
C	     3.588391	     2.968022	     1.009885
C	     5.882781	     2.462626	     3.953830
C	     6.408090	     5.679027	     1.165575
C	     1.428220	     0.149072	     1.250716
C	     0.409839	     6.353189	     2.720868
C	     1.815952	     0.178268	     6.100947
C	     0.298214	     6.175529	     0.270755
C	     1.036430	     3.204343	     0.777620
C	     2.614883	     4.439594	     1.851260
C	     4.175201	     2.595076	     0.144918
C	     2.122543	     3.635377	     6.319736
C	     2.904513	     6.144953	     5.361253
C	     3.185570	     1.082522	     0.589031
C	     0.475503	     4.280345	     3.690858
C	     2.103725	     3.021384	     0.738223
C	     5.086554	     2.105414	     0.920761
C	     0.360484	     4.651002	     1.168093
C	     0.214107	     2.443512	     6.510985
C	     5.283896	     2.182985	     3.122149
C	     0.049353	     0.388299	     4.005599
C	     5.877242	     6.622735	     2.837353
C	     5.243027	     5.910614	     3.785968
C	     5.572044	     6.400850	     4.834335
C	     5.239732	     0.792496	     5.781348
C	     1.339371	     4.541931	     4.231386
C	     2.039350	     1.691159	     2.722057
C	     3.652688	     0.980789	     1.696142
C	     6.515721	     0.373926	     1.976463
C	     6.271358	     2.402866	     2.468196
C	     2.236044	     6.621738	     4.050555
C	     3.655142	     1.930582	     1.352119
C	     2.759835	     4.490432	     0.677735
C	     1.856249	     5.434806	     5.769751
C	     2.326641	     2.071548	     1.178535
C	     1.594244	     3.823821	     2.163313
C	     6.007233	     5.638005	     0.091343
C	     1.061224	     6.046616	     5.451905
C	     6.367862	     4.796477	     5.350397
C	     5.800727	     0.871645	     1.177568
C	     4.497843	     5.393722	     1.763315
C	     0.744480	     1.595630	     2.991216
C	     5.668445	     4.839379	     6.254182
C	     2.965097	     5.447313	     1.093514
C	     0.734542	     0.813639	     1.703585
C	     3.169785	     3.300488	     0.238610

         ***FINAL VELOCITIES***
	    -0.083291	     0.699021	    -0.014281
	    -0.178315	     0.118551	    -0.367159
	     0.000705	     0.382953	     0.676865
	     0.245134	    -0.477758	    -1.666926
	     0.398202	     0.376775	     0.196959
	     0.248279	    -1.525388	    -0.537642
	    -0.983568	    -0.741323	     1.214682
	     1.056249	    -0.712810	    -2.705222
	     1.069288	     0.211551	     1.039750
	    -0.012699	    -0.700322	     1.953732
	    -1.126853	     0.567005	     0.668196
	    -0.651778	     1.179938	    -1.047745
	    -0.509429	     1.640610	     0.223190
	    -1.390047	    -0.514672	     0.105539
	    -1.838671	    -0.435399	     0.983396
	    -0.299317	    -1.071030	    -1.197945
	     1.392895	     1.051282	    -0.260570
	     0.070423	    -0.831456	    -1.081339
	    -0.304142	    -0.114465	    -1.427180
	    -0.759537	     0.448031	    -1.187622
	    -0.088059	     1.132417	     1.421199
	    -1.393517	     1.570729	     0.547413
	     0.367602	    -0.098434	    -1.182305
	    -0.742292	    -0.597020	    -1.671626
	    -1.179174	    -1.379224	     0.278482
	     0.188980	    -0.180780	     0.630336
	    -0.621887	    -0.947972	     1.966188
	     1.122353	    -1.035039	     1.323181
	    -0.307987	     0.310413	    -1.043260
	     0.673003	     0.110404	    -0.690015
	    -0.025678	    -0.240951	    -0.542648
	    -0.305607	     0.927116	    -0.797603
	     1.873750	    -0.247091	     0.587263
	     1.248963	     0.478486	    -0.901015
	     0.411681	     1.040944	    -0.737027
	     0.862610	     1.721993	     1.260478
	    -0.879263	    -0.972878	    -0.092492
	    -1.274735	    -2.523645	     1.446295
	    -0.351078	     1.030013	     0.114583
	     1.105396	     0.711953	     0.290387
	    -1.973583	    -0.244949	    -0.618799
	    -0.195792	     0.893827	     0.057912
	     0.964058	     2.260861	     1.136238
	    -0.161224	    -0.246663	     0.311021
	     0.049932	     0.875337	     0.476094
	    -0.930503	     0.158167	     0.617552
	     0.400240	    -0.061515	    -0.916685
	     1.009145	     0.496909	     0.121371
	     0.136782	    -0.984851	    -0.678160
	     0.495412	    -0.475962	     0.500626
	    -0.372584	     0.520521	    -0.414194
	     0.915481	    -2.088674	    -1.755747
	    -0.282745	    -1.498555	     1.381736
	     2.900288	    -0.952187	     0.094238
	    -0.213300	     0.130654	    -0.097842
	    -0.282490	    -1.160477	    -3.354823
	    -0.664516	    -0.628431	    -1.951685
	    -0.860168	     0.202790	     1.220985
	    -0.713035	     0.132889	    -1.606053
	    -0.458679	    -0.476352	    -0.878571
	    -0.282554	    -0.814555	    -0.264178
	     0.715161	     1.047836	    -0.202412
	    -0.311084	    -1.086265	     1.094469
	     0.641133	     1.292776	    -1.297003
	     0.478341	     1.651117	    -0.879749
	     0.605232	     0.375337	    -0.044264
	    -0.438977	     0.467071	     1.214739
	    -0.545982	     0.249794	    -1.142584
	     0.828322	    -0.332185	    -0.573117
	    -2.064825	     1.091926	     0.958712
	    -0.262676	    -0.313453	    -0.380136
	     1.677298	    -1.119758	     0.814662
	    -0.348159	    -1.123187	    -2.140617
	    -0.098797	    -0.103888	    -0.700292
	    -0.174692	     1.018924	    -0.679565
	     1.024451	     0.231636	    -0.809831
	     0.144446	    -0.703164	     0.181982
	    -1.231676	     1.528968	     0.130947
	    -0.209299	     0.754340	    -2.160881
	     2.053118	    -0.678613	     2.227939
	     0.448037	     1.012868	     1.040762
	    -0.477281	    -0.950727	    -0.797102
	     0.901141	    -0.887842	     1.073370
	     0.147540	     0.121873	    -0.283193
	    -1.015071	    -0.961539	    -0.889227
	     0.332968	     0.593386	    -0.622859
	     0.223929	     0.851699	    -1.028058
	     2.376564	    -1.196590	     0.588040
	    -0.897958	     0.863214	     1.269945
	     0.548725	     0.443201	     0.418336
	    -0.296298	    -0.383618	     0.096435
	    -0.450552	     1.045658	    -0.602139
	    -0.838371	    -1.173492	     0.377783
	    -0.254214	    -0.769563	    -0.031827
	    -1.978596	    -0.285114	     1.238301
	    -0.803986	    -0.336551	    -2.534309
	    -0.120500	     1.785989	    -0.078487
	    -0.697154	     0.645054	    -0.699457
	     0.972074	    -0.728893	     0.505352
	     0.008195	    -1.338542	     1.489466
	    -0.739866	    -0.009403	    -0.044338
	    -0.323988	     1.208525	     0.574713
	     1.001222	    -0.245567	     1.320145
	     1.982148	    -2.792226	     1.596385
	    -0.962979	    -2.101015	    -0.969195
	    -0.250277	     1.677898	     1.266287
	    -0.272076	     1.084134	    -0.863653
	    -1.020256	     0.401918	    -0.911339
	     1.689252	    -1.071253	     0.236071
	     1.171194	     0.642302	     0.929429
	    -0.049491	     1.657895	     0.352419
	    -2.673814	     0.036860	     1.372296
	    -0.279918	    -0.523807	    -0.835037
	     0.185367	    -1.679508	     0.008007
	     0.521587	    -1.538460	     0.281881
	    -0.629589	     0.326744	     0.265419
	     0.127375	    -2.194123	    -0.526767
	     1.643162	     0.383795	     1.123647
	     1.048669	    -1.852216	    -0.021302
	     2.030817	    -0.342405	     0.907702
	    -0.504016	     0.225190	     0.021855
	     1.070889	    -2.059146	    -0.945380
	     0.567467	     0.430090	     0.541870
	    -1.708342	    -0.524091	     0.589750
	     2.179859	    -0.282011	     0.334717
	    -0.636226	    -0.390064	    -0.496728
	     0.673567	     1.037534	     0.383907
	    -0.406020	     0.060405	     0.360251
	     0.585820	     0.397533	     1.265207
	     2.539924	     0.308545	    -0.822592
	    -0.895591	     0.790011	     0.237289
	    -0.757952	     0.427677	    -1.911097
	    -0.586185	    -0.306576	    -0.248634
	     1.165247	     1.700413	     1.103739
	     1.118084	    -1.223351	     2.666098
	    -0.859471	    -0.487057	     1.538137
	    -0.236399	     3.301956	     0.180423
	    -1.636906	     2.133615	     0.662128
	     0.535115	    -0.404076	     0.553034
	    -0.103146	    -0.389402	     0.835822
	    -0.728189	    -1.536558	    -0.001225
	     0.135185	     0.430067	    -1.249151
	    -2.293112	     0.598787	     0.344939
	     1.425907	     0.719467	    -0.299063
	    -1.724114	     0.563794	    -0.285107
	     0.775332	    -0.870360	    -0.565010
	     0.937623	     1.068495	    -0.485327
	    -1.291448	     0.651224	     0.314238
	     0.160972	     2.311826	     1.391669
	     1.212770	    -0.187451	    -0.909285
	     0.067831	     0.413130	    -1.885032
	    -1.039128	    -0.697702	    -0.524407
	    -1.002307	    -0.069956	    -0.170617
	    -1.794098	    -0.941473	    -0.604333
	    -1.940846	    -1.529884	     0.256366
	    -1.112259	    -1.508597	    -1.302445
	    -0.725833	     0.435958	    -0.478214
	    -1.647116	     0.847157	    -0.760348
	     0.030703	     0.736592	    -2.043268
	     0.388137	    -0.028942	    -0.317517
	     0.293584	     1.409826	    -0.756010
	    -0.463733	     0.184712	     1.123671
	     0.903988	     2.371376	     0.323559
	    -0.760349	     0.377299	     1.162149
	     0.732918	    -1.629825	     1.973487
	     0.937075	    -0.469952	     0.620875
	    -0.228024	     0.730914	    -0.710220
	    -0.851914	     0.290444	     2.209751
	     0.173418	     0.494052	    -1.143351
	    -1.530481	    -1.411126	    -0.245420
	     1.305623	     0.224615	    -0.670250
	    -2.737583	     2.061038	     0.017342
	    -0.271553	    -0.816217	    -0.776811
	     0.649037	     0.941707	     0.289166
	     1.434692	     0.158347	    -0.883353
	    -0.570366	    -1.055343	     1.568371
	    -0.182575	    -2.335693	    -0.048072
	    -0.066179	     0.483934	    -0.452653
	    -0.892840	     0.199714	     0.544201
	     1.418732	    -0.451886	     0.765659
	     1.047465	    -0.791642	     1.881488
	    -1.740667	     1.591457	     1.229434
	     3.624801	    -0.010833	    -0.785658
	    -0.369872	     0.477053	     2.557010
	    -0.572569	     0.735596	     0.113935
	     0.344449	     0.494750	     0.471409
	     2.114360	     0.271089	    -0.258151
	    -0.870721	    -2.116946	    -1.491114
	    -0.781424	    -0.570514	     1.357452
	     0.609250	     2.062845	     0.446185
	    -1.518774	    -0.063945	    -0.858394
	     0.240085	    -0.233548	    -0.129759
	     0.318469	     1.235563	     2.158587
	    -1.183716	     1.026214	     0.358074
	    -0.416658	    -1.087769	     2.288321
	     0.102732	    -0.759527	     0.832727
	     2.385060	     0.036003	    -0.247532
	    -0.779585	     0.412952	     1.584456
	     0.272602	     0.898019	     0.837620
	    -3.352526	    -0.519095	    -2.441567
	     0.737763	     0.047576	     1.348232
	    -0.637778	    -0.725693	    -1.375147
	     1.734773	    -1.606513	     0.078808
	    -1.414642	     0.543774	    -1.689022
	     0.874459	    -0.578536	     0.787886
	     0.431431	     1.381786	    -1.505408
	    -0.815338	     0.080053	    -1.004854
	     0.193860	     1.697063	    -1.828074
	    -1.094718	    -1.271282	     0.355752
	     0.402487	     0.913268	    -0.393433
	    -0.054186	     1.471305	    -0.359608
	     0.526147	     0.189028	    -0.410194
	     0.323895	     2.036285	    -0.985077
	    -0.821464	    -0.914716	    -0.655658
	     0.043047	     0.229407	    -0.420003
	    -1.501037	    -0.393031	     0.662154
	    -0.843378	    -0.924184	    -0.025881
	     0.465721	    -1.201935	    -0.987881
	     0.668665	    -0.012376	    -0.991884
	    -1.360686	     1.066692	     0.641906
	     1.023797	     0.100180	    -0.392310
	     0.087065	    -0.382429	     0.212230
	    -1.288529	    -0.625667	    -0.495714
	     0.916339	    -0.281243	    -0.177295
	    -0.416502	    -0.320123	     0.805233
	     0.682121	    -1.113386	    -0.616227
	     1.377005	    -0.519638	     1.743445
	     0.257158	    -2.220480	     0.276235
	     1.056247	     0.271372	    -0.278342
	     0.805902	    -0.241056	    -0.746092
	    -0.095249	     0.517124	     1.196715
	    -1.032873	    -0.836455	    -1.186892
	     0.974380	    -0.137524	     0.287037
	    -1.635562	    -0.897545	     0.964256
	    -0.677441	    -2.564736	    -0.390718
	     1.535465	     0.261534	     0.854575
	    -0.312888	     0.857431	     0.582910
	    -0.826760	    -0.872058	     2.077276
	    -0.198553	    -0.542902	     1.185355
	     3.274828	     1.354340	     1.401575
	     1.015445	     0.873221	    -1.385536
	     1.254908	     0.444459	    -0.398282
	     1.093201	     1.051615	    -2.072846
	     0.718302	     0.897915	     0.654851
	     0.530941	     1.436284	     1.144142
	    -0.587075	    -0.245199	    -0.436962
	    -1.154055	    -0.319305	    -0.616240
	     1.682984	    -1.582117	     0.609021
	    -0.458577	     0.635454	    -0.551255
	     0.513172	    -0.096546	    -0.950464

***Radial Distribution Function***

         1	     0.812500	     0.000000
         2	     0.837500	     0.000000
         3	     0.862500	     0.000000
         4	     0.887500	     0.001426
         5	     0.912500	     0.039125
         6	     0.937500	     0.207487
         7	     0.962500	     0.679474
         8	     0.987500	     1.362056
         9	     1.012500	     2.085351
        10	     1.037500	     2.604257
        11	     1.062500	     2.766096
        12	     1.087500	     2.676166
        13	     1.112500	     2.461636
        14	     1.137500	     2.213973
        15	     1.162500	     1.990373
        16	     1.187500	     1.730065
        17	     1.212500	     1.573112
        18	     1.237500	     1.354677
        19	     1.262500	     1.217451
        20	     1.287500	     1.069427
        21	     1.312500	     0.987340
        22	     1.337500	     0.861183
        23	     1.362500	     0.826239
        24	     1.387500	     0.765417
        25	     1.412500	     0.714727
        26	     1.437500	     0.684284
        27	     1.462500	     0.643408
        28	     1.487500	     0.643287
        29	     1.512500	     0.627436
        30	     1.537500	     0.636663
        31	     1.562500	     0.633939
        32	     1.587500	     0.646077
        33	     1.612500	     0.657020
        34	     1.637500	     0.660713
        35	     1.662500	     0.695729
        36	     1.687500	     0.731814
        37	     1.712500	     0.773045
        38	     1.737500	     0.830347
        39	     1.762500	     0.853973
        40	     1.787500	     0.876430
        41	     1.812500	     0.948400
        42	     1.837500	     1.000184
        43	     1.862500	     1.043036
        44	     1.887500	     1.095684
        45	     1.912500	     1.136743
        46	     1.937500	     1.164260
        47	     1.962500	     1.189041
        48	     1.987500	     1.247007
        49	     2.012500	     1.248117
        50	     2.037500	     1.251233
        51	     2.062500	     1.258938
        52	     2.087500	     1.245722
        53	     2.112500	     1.210371
        54	     2.137500	     1.186158
        55	     2.162500	     1.158171
        56	     2.187500	     1.146562
        57	     2.212500	     1.106033
        58	     2.237500	     1.065449
        59	     2.262500	     1.035669
        60	     2.287500	     0.993618
        61	     2.312500	     0.964687
        62	     2.337500	     0.939365
        63	     2.362500	     0.927708
        64	     2.387500	     0.892549
        65	     2.412500	     0.886822
        66	     2.437500	     0.868976
        67	     2.462500	     0.856918
        68	     2.487500	     0.855516
        69	     2.512500	     0.866931
        70	     2.537500	     0.856098
        71	     2.562500	     0.881677
        72	     2.587500	     0.890731
        73	     2.612500	     0.899937
        74	     2.637500	     0.912619
        75	     2.662500	     0.932064
        76	     2.687500	     0.947987
        77	     2.712500	     0.972634
        78	     2.737500	     0.984933
        79	     2.762500	     1.008259
        80	     2.787500	     1.010786
        81	     2.812500	     1.034367
        82	     2.837500	     1.054035
        83	     2.862500	     1.062166
        84	     2.887500	     1.066714
        85	     2.912500	     1.080487
        86	     2.937500	     1.082614
        87	     2.962500	     1.084346
        88	     2.987500	     1.078106
        89	     3.012500	     1.074646
        90	     3.037500	     1.075497
        91	     3.062500	     1.070547
        92	     3.087500	     1.066166
        93	     3.112500	     1.030978
        94	     3.137500	     1.053264
        95	     3.162500	     1.041545
        96	     3.187500	     1.024792
        97	     3.212500	     0.992684
        98	     3.237500	     0.988596
        99	     3.262500	     0.973573
       100	     3.287500	     0.981137

***Simulation Averages***

Temperature:              1.104032
Pressure:                 2.530098
Heat Capacity:            2.582719
Potential Energy:        -5.716252
Kinetic Energy:           1.656048
Total Energy:            -4.060204
Diffusivity               0.059736

Total Wall Time (h:mm:ss): 0:09:43.534738
