MD simulation of 100 LJ Particles at T*=0.8500 and rho*=0.0500

Input File:         sim.input
Output File:        sim.output

The random number seed was specified in the input file.
Random Number Seed: -58283


    ***Input Parameters***
sim         md
N           100
temp        0.85
rho         0.05
esteps      400000
psteps      600000
rcut        3.0
dt          0.001
output      2000
seed        -58283
coord       generate
vel         N500T85R9-equilibrated.vel
movie       lj.trr  4000

Energy Tail Correction:    -0.01550694
Pressure Tail Correction:  -0.00154999

    ***INITIAL POSITIONS, XYZ Format***
100
You can copy these coordinates to a file to open in a viewer.
C	     0.000000	     0.000000	     0.000000
C	     0.000000	     2.099868	     2.099868
C	     2.099868	     0.000000	     2.099868
C	     2.099868	     2.099868	     0.000000
C	     4.199737	     0.000000	     0.000000
C	     4.199737	     2.099868	     2.099868
C	     6.299605	     0.000000	     2.099868
C	     6.299605	     2.099868	     0.000000
C	     8.399474	     0.000000	     0.000000
C	     8.399474	     2.099868	     2.099868
C	    10.499342	     0.000000	     2.099868
C	    10.499342	     2.099868	     0.000000
C	     0.000000	     4.199737	     0.000000
C	     0.000000	     6.299605	     2.099868
C	     2.099868	     4.199737	     2.099868
C	     2.099868	     6.299605	     0.000000
C	     4.199737	     4.199737	     0.000000
C	     4.199737	     6.299605	     2.099868
C	     6.299605	     4.199737	     2.099868
C	     6.299605	     6.299605	     0.000000
C	     8.399474	     4.199737	     0.000000
C	     8.399474	     6.299605	     2.099868
C	    10.499342	     4.199737	     2.099868
C	    10.499342	     6.299605	     0.000000
C	     0.000000	     8.399474	     0.000000
C	     0.000000	    10.499342	     2.099868
C	     2.099868	     8.399474	     2.099868
C	     2.099868	    10.499342	     0.000000
C	     4.199737	     8.399474	     0.000000
C	     4.199737	    10.499342	     2.099868
C	     6.299605	     8.399474	     2.099868
C	     6.299605	    10.499342	     0.000000
C	     8.399474	     8.399474	     0.000000
C	     8.399474	    10.499342	     2.099868
C	    10.499342	     8.399474	     2.099868
C	    10.499342	    10.499342	     0.000000
C	     0.000000	     0.000000	     4.199737
C	     0.000000	     2.099868	     6.299605
C	     2.099868	     0.000000	     6.299605
C	     2.099868	     2.099868	     4.199737
C	     4.199737	     0.000000	     4.199737
C	     4.199737	     2.099868	     6.299605
C	     6.299605	     0.000000	     6.299605
C	     6.299605	     2.099868	     4.199737
C	     8.399474	     0.000000	     4.199737
C	     8.399474	     2.099868	     6.299605
C	    10.499342	     0.000000	     6.299605
C	    10.499342	     2.099868	     4.199737
C	     0.000000	     4.199737	     4.199737
C	     0.000000	     6.299605	     6.299605
C	     2.099868	     4.199737	     6.299605
C	     2.099868	     6.299605	     4.199737
C	     4.199737	     4.199737	     4.199737
C	     4.199737	     6.299605	     6.299605
C	     6.299605	     4.199737	     6.299605
C	     6.299605	     6.299605	     4.199737
C	     8.399474	     4.199737	     4.199737
C	     8.399474	     6.299605	     6.299605
C	    10.499342	     4.199737	     6.299605
C	    10.499342	     6.299605	     4.199737
C	     0.000000	     8.399474	     4.199737
C	     0.000000	    10.499342	     6.299605
C	     2.099868	     8.399474	     6.299605
C	     2.099868	    10.499342	     4.199737
C	     4.199737	     8.399474	     4.199737
C	     4.199737	    10.499342	     6.299605
C	     6.299605	     8.399474	     6.299605
C	     6.299605	    10.499342	     4.199737
C	     8.399474	     8.399474	     4.199737
C	     8.399474	    10.499342	     6.299605
C	    10.499342	     8.399474	     6.299605
C	    10.499342	    10.499342	     4.199737
C	     0.000000	     0.000000	     8.399474
C	     0.000000	     2.099868	    10.499342
C	     2.099868	     0.000000	    10.499342
C	     2.099868	     2.099868	     8.399474
C	     4.199737	     0.000000	     8.399474
C	     4.199737	     2.099868	    10.499342
C	     6.299605	     0.000000	    10.499342
C	     6.299605	     2.099868	     8.399474
C	     8.399474	     0.000000	     8.399474
C	     8.399474	     2.099868	    10.499342
C	    10.499342	     0.000000	    10.499342
C	    10.499342	     2.099868	     8.399474
C	     0.000000	     4.199737	     8.399474
C	     0.000000	     6.299605	    10.499342
C	     2.099868	     4.199737	    10.499342
C	     2.099868	     6.299605	     8.399474
C	     4.199737	     4.199737	     8.399474
C	     4.199737	     6.299605	    10.499342
C	     6.299605	     4.199737	    10.499342
C	     6.299605	     6.299605	     8.399474
C	     8.399474	     4.199737	     8.399474
C	     8.399474	     6.299605	    10.499342
C	    10.499342	     4.199737	    10.499342
C	    10.499342	     6.299605	     8.399474
C	     0.000000	     8.399474	     8.399474
C	     0.000000	    10.499342	    10.499342
C	     2.099868	     8.399474	    10.499342
C	     2.099868	    10.499342	     8.399474


Iteration         	Temp         	P            	KE           	PE           	Total Energy

